data/completo_freq.json
data/completo_freq.json
data/completo_freq.json
data/completo_freq.json
data/completo_freq.json
data/completo_freq.json
data/completo_freq.json
data/completo_freq.json
data/completo_freq.json
data/completo_freq.json
data/completo_freq.json
data/completo_freq.json
data/completo_freq.json
data/completo_freq.json
data/completo_freq.json
data/completo_freq.json
data/completo_freq.json
data/completo_freq.json
data/completo_freq.json
data/completo_freq.json
data/completo_freq.json
data/completo_freq.json
data/completo_freq.json
data/completo_freq.json
data/completo_freq.json
data/completo_freq.json
data/completo_freq.json
data/completo_freq.json
data/completo_freq.json
data/completo_freq.json
completo_fluid_4.json Equation 8 854.5267682669414 0.00020808561402867122
completo_fluid_4.json Equation 16 56.01180319998542 9.106372420037646e-05
completo_fluid_4.json Equation 32 55.177837217215334 7.769386128722689e-05
data/completo_fluid_4.json
data/completo_fluid_4.json
completo_fluid_4.json MLP 8 524.7914870817874 0.0002425384797154992
completo_fluid_4.json MLP 16 39.718279564864105 6.550472084203851e-05
completo_fluid_4.json MLP 32 27.011252332437884 4.964553679183576e-05
data/completo_fluid_4.json
data/completo_fluid_4.json
completo_fluid_4.json SVR_gridsearch 8 2187.97842418087 0.00032956032903765954
completo_fluid_4.json SVR_gridsearch 16 632.7751677682792 0.0005622219741558535
completo_fluid_4.json SVR_gridsearch 32 260.36376251684646 0.0001264162067668506
data/completo_fluid_4.json
data/completo_fluid_4.json
completo_fluid_4.json SVR 8 1188.2479493998921 0.0007066022641303783
completo_fluid_4.json SVR 16 440.20955452420327 0.00044229916385366127
completo_fluid_4.json SVR 32 48.85899926369701 5.7097261366356074e-05
data/completo_fluid_4.json
data/completo_fluid_4.json
completo_fluid_4.json Tree 8 244.23427156079651 0.00010275729020517088
completo_fluid_4.json Tree 16 76.17704213099384 5.925364718898021e-05
completo_fluid_4.json Tree 32 1.9421981250795437 9.914293237227694e-06
data/completo_fluid_4.json
data/completo_fluid_4.json
completo_fluid_4.json KNN 8 1623.7220452492031 0.001417026024962913
completo_fluid_4.json KNN 16 422.5158585228756 0.00028481768555773155
completo_fluid_4.json KNN 32 120.66171472720131 9.575428543880449e-05
data/completo_fluid_4.json
data/completo_fluid_4.json
completo_xhpl_2.json Equation 8 3.6493405697226224 0.00014476895227824436
completo_xhpl_2.json Equation 16 0.31804866564477496 7.477898567717826e-05
completo_xhpl_2.json Equation 32 0.3075807288886633 7.888709503130077e-05
completo_xhpl_2.json Equation 64 0.31199631084965473 6.796206779941784e-05
data/completo_xhpl_2.json
completo_xhpl_2.json MLP 8 1.377658571110596 0.00017947577429372688
completo_xhpl_2.json MLP 16 0.21346031138520935 6.565033674161018e-05
completo_xhpl_2.json MLP 32 0.5140297032928516 7.077585635875271e-05
completo_xhpl_2.json MLP 64 0.16728992789801192 4.57593860239011e-05
data/completo_xhpl_2.json
completo_xhpl_2.json SVR_gridsearch 8 3.8738854851541187 0.00015087532906420408
completo_xhpl_2.json SVR_gridsearch 16 2.5232699128456115 0.00010840560134042972
completo_xhpl_2.json SVR_gridsearch 32 1.5157250996924292 9.628179625484566e-05
completo_xhpl_2.json SVR_gridsearch 64 0.2792403097423265 7.156028237747648e-05
data/completo_xhpl_2.json
completo_xhpl_2.json SVR 8 3.468585320095759 0.00014649625778030776
completo_xhpl_2.json SVR 16 0.40203380304912467 8.702434437767452e-05
completo_xhpl_2.json SVR 32 0.5919878375756172 9.68944493511051e-05
completo_xhpl_2.json SVR 64 0.26389279687908845 5.128302282456147e-05
data/completo_xhpl_2.json
completo_xhpl_2.json Tree 8 3.0116939375491873 0.00013305880505204903
completo_xhpl_2.json Tree 16 1.038217986316214 8.178814681611208e-05
completo_xhpl_2.json Tree 32 0.6750135636886837 6.254221900203555e-05
completo_xhpl_2.json Tree 64 0.30657832096086873 3.8652196932289746e-05
data/completo_xhpl_2.json
completo_xhpl_2.json KNN 8 4.033159365555949 0.00015601250496653587
completo_xhpl_2.json KNN 16 1.8642178426052356 0.00011494995704636821
completo_xhpl_2.json KNN 32 0.4540865972943207 7.332382065424747e-05
completo_xhpl_2.json KNN 64 0.4502592263844454 6.429843040120617e-05
data/completo_xhpl_2.json
completo_xhpl.json Equation 8 9.368867093035108 7.970185333230713e-05
completo_xhpl.json Equation 16 11.227043936575214 4.1528863873312104e-05
completo_xhpl.json Equation 32 11.165266619348815 4.223761845830537e-05
completo_xhpl.json Equation 64 11.211033805151839 4.1683939820889535e-05
data/completo_xhpl.json
completo_xhpl.json MLP 8 17.77999132512327 0.0004617365661044376
completo_xhpl.json MLP 16 12.383953459081882 0.00012581299649791285
completo_xhpl.json MLP 32 13.698895430179569 5.230137273392128e-05
completo_xhpl.json MLP 64 11.857595018322291 3.0226940716939755e-05
data/completo_xhpl.json
completo_xhpl.json SVR_gridsearch 8 17.738359288819314 0.0002162728789291704
completo_xhpl.json SVR_gridsearch 16 18.837610119038985 0.0001291637646519058
completo_xhpl.json SVR_gridsearch 32 13.237205344527455 0.00011848317208927359
completo_xhpl.json SVR_gridsearch 64 11.188226080399573 6.680227815907344e-05
data/completo_xhpl.json
completo_xhpl.json SVR 8 19.60478088070147 0.00016862544167190645
completo_xhpl.json SVR 16 12.89441624768348 0.0001529894380722761
completo_xhpl.json SVR 32 19.582937358159878 0.00011760651674610257
completo_xhpl.json SVR 64 12.067507329399643 5.064397643291464e-05
data/completo_xhpl.json
completo_xhpl.json Tree 8 13.295712863730499 0.00012909317868765361
completo_xhpl.json Tree 16 15.147477506167442 0.00010245596573585817
completo_xhpl.json Tree 32 13.649813074957184 5.6081508423190885e-05
completo_xhpl.json Tree 64 10.266016789246104 2.7744797919929495e-05
data/completo_xhpl.json
completo_xhpl.json KNN 8 19.55235899444955 0.00016656555846721
completo_xhpl.json KNN 16 22.665915917578467 0.0004216062511419145
completo_xhpl.json KNN 32 15.884624855063354 0.00013443744110201906
completo_xhpl.json KNN 64 14.472769370877788 0.00010796434773506036
data/completo_xhpl.json
completo_x264_2.json Equation 8 7.266872914560968 0.00012805950166661553
completo_x264_2.json Equation 16 0.9685440809542161 0.00022994959188677702
completo_x264_2.json Equation 32 0.9902843417306231 0.00023053207717174033
completo_x264_2.json Equation 64 1.0047921050607236 0.0002093013175218703
data/completo_x264_2.json
completo_x264_2.json MLP 8 70.49436933295814 0.002262814789810472
completo_x264_2.json MLP 16 3.042061042283702 0.00015576636764092093
completo_x264_2.json MLP 32 1.6536109110106587 0.0001345936716907197
completo_x264_2.json MLP 64 0.4031624358763816 6.1022889458736325e-05
data/completo_x264_2.json
completo_x264_2.json SVR_gridsearch 8 19.355544637184043 0.00041538257075374846
completo_x264_2.json SVR_gridsearch 16 24.222709117146522 0.0002584694031099614
completo_x264_2.json SVR_gridsearch 32 13.843320137865824 0.00047081272336456376
completo_x264_2.json SVR_gridsearch 64 3.0950429928461967 0.0002085702778646665
data/completo_x264_2.json
completo_x264_2.json SVR 8 28.27419421540041 0.00026323295151086686
completo_x264_2.json SVR 16 2.6996262287611534 0.0004368265871947258
completo_x264_2.json SVR 32 27.04353827603666 0.0001951045016867652
completo_x264_2.json SVR 64 0.2928296842737888 0.00010971488455359438
data/completo_x264_2.json
completo_x264_2.json Tree 8 12.872798681133345 0.0003330880997713638
completo_x264_2.json Tree 16 14.31753804610757 0.00022702395642576438
completo_x264_2.json Tree 32 2.2729305170519387 0.0001033964154370219
completo_x264_2.json Tree 64 0.26861650645436913 3.2966266534167e-05
data/completo_x264_2.json
completo_x264_2.json KNN 8 28.057681386907895 0.000264716616611196
completo_x264_2.json KNN 16 15.525009074323147 0.00043385086944546577
completo_x264_2.json KNN 32 12.520172889949068 0.00028190554222017587
completo_x264_2.json KNN 64 6.819628330011165 0.0001795831625528387
data/completo_x264_2.json
completo_dedup_4.json Equation 8 9.234647568405535 0.00023265158358042656
completo_dedup_4.json Equation 16 0.6347798715222477 0.00010781983405240546
completo_dedup_4.json Equation 32 0.45871384793974074 9.479270834720391e-05
completo_dedup_4.json Equation 64 0.4289936967361255 9.09193133549744e-05
data/completo_dedup_4.json
completo_dedup_4.json MLP 8 1.608832097270767 0.000131334602721411
completo_dedup_4.json MLP 16 0.27871762532684796 6.394660001581671e-05
completo_dedup_4.json MLP 32 0.9797846972343659 6.75920666122919e-05
completo_dedup_4.json MLP 64 0.23408995611883676 4.377474862304884e-05
data/completo_dedup_4.json
completo_dedup_4.json SVR_gridsearch 8 3.0883079906564332 0.00012567553808698603
completo_dedup_4.json SVR_gridsearch 16 2.7004327015141034 0.00012041822964316737
completo_dedup_4.json SVR_gridsearch 32 2.4415265845377583 0.00011378744062018744
completo_dedup_4.json SVR_gridsearch 64 0.6490653602428976 8.688333478595704e-05
data/completo_dedup_4.json
completo_dedup_4.json SVR 8 1.7970791811688724 0.00011858007679286542
completo_dedup_4.json SVR 16 0.686501967451752 8.910983853441172e-05
completo_dedup_4.json SVR 32 0.8203907237526914 7.392790762978893e-05
completo_dedup_4.json SVR 64 0.09742454334977885 3.6051062748990524e-05
data/completo_dedup_4.json
completo_dedup_4.json Tree 8 2.4385288921150265 0.000123229263559672
completo_dedup_4.json Tree 16 1.5547541308407888 8.431693329338447e-05
completo_dedup_4.json Tree 32 0.3126428344262097 4.4400314185198476e-05
completo_dedup_4.json Tree 64 0.16785406469045006 2.6470745370022874e-05
data/completo_dedup_4.json
completo_dedup_4.json KNN 8 1.9854325544100568 0.0001473973035392223
completo_dedup_4.json KNN 16 2.1556968339679123 0.00010564997185611138
completo_dedup_4.json KNN 32 0.9454579193434334 9.148871597188043e-05
completo_dedup_4.json KNN 64 0.8308584307849249 6.238392575219913e-05
data/completo_dedup_4.json
completo_ferret_1.json Equation 8 2.7295753150616062 7.817584028446734e-05
completo_ferret_1.json Equation 16 0.12701667776053507 5.000405572181932e-05
completo_ferret_1.json Equation 32 0.11261694178346139 6.234760333768461e-05
completo_ferret_1.json Equation 64 0.10106412251787925 4.9777902238486364e-05
data/completo_ferret_1.json
completo_ferret_1.json MLP 8 194.85191346308173 0.0015540569951868507
completo_ferret_1.json MLP 16 7.152531952194934 6.35717625401261e-05
completo_ferret_1.json MLP 32 0.6009738764230628 7.016716105669413e-05
completo_ferret_1.json MLP 64 0.5769248923595387 2.224144549971745e-05
data/completo_ferret_1.json
completo_ferret_1.json SVR_gridsearch 8 50.45903210716897 0.0006432135788369607
completo_ferret_1.json SVR_gridsearch 16 69.04929838112021 0.00021776047040599725
completo_ferret_1.json SVR_gridsearch 32 20.70342926036368 0.00025213156091980735
completo_ferret_1.json SVR_gridsearch 64 5.436845266531394 8.652833477867556e-05
data/completo_ferret_1.json
completo_ferret_1.json SVR 8 98.32966407982137 0.00037709878076226606
completo_ferret_1.json SVR 16 8.794022159995395 0.00048187502359250847
completo_ferret_1.json SVR 32 90.84054354185265 0.00018759705501611063
completo_ferret_1.json SVR 64 1.0340072065544095 3.8665836311697605e-05
data/completo_ferret_1.json
completo_ferret_1.json Tree 8 30.32988213343163 0.00045744229722930943
completo_ferret_1.json Tree 16 31.592809345105916 0.00019521284134858043
completo_ferret_1.json Tree 32 6.018532078429026 8.272756942891152e-05
completo_ferret_1.json Tree 64 0.9891593214393618 3.4578135543065636e-05
data/completo_ferret_1.json
completo_ferret_1.json KNN 8 100.4191247060507 0.00026051101061168975
completo_ferret_1.json KNN 16 43.83197461922013 0.00029418045542361956
completo_ferret_1.json KNN 32 32.63241895234452 0.00020671451457598036
completo_ferret_1.json KNN 64 15.871531245674253 0.0001279076082941886
data/completo_ferret_1.json
completo_x264_4.json Equation 8 63.04812949248923 0.000124453496783929
completo_x264_4.json Equation 16 3.6658768953104794 0.0001150678863557569
completo_x264_4.json Equation 32 3.5621852137535877 0.00011778596195021443
completo_x264_4.json Equation 64 3.5248853796988513 0.00012028882456839373
data/completo_x264_4.json
completo_x264_4.json MLP 8 23.759802937381963 0.00012901077241880151
completo_x264_4.json MLP 16 8.022210533723085 9.05029621052903e-05
completo_x264_4.json MLP 32 23.427980791309775 5.063845752321963e-05
completo_x264_4.json MLP 64 1.3194374774335407 2.664217540065734e-05
data/completo_x264_4.json
completo_x264_4.json SVR_gridsearch 8 94.3159386121887 0.00014749078189022112
completo_x264_4.json SVR_gridsearch 16 92.7318510718932 0.00014912718621425757
completo_x264_4.json SVR_gridsearch 32 61.66092492459007 0.00010158051565009376
completo_x264_4.json SVR_gridsearch 64 15.73199615770556 0.00010747171034937656
data/completo_x264_4.json
completo_x264_4.json SVR 8 92.68052877103112 0.00014118361092271231
completo_x264_4.json SVR 16 12.446374422937495 0.00016383108740665076
completo_x264_4.json SVR 32 10.869439768886881 8.604936329069678e-05
completo_x264_4.json SVR 64 0.9208375812490012 3.802359508706854e-05
data/completo_x264_4.json
completo_x264_4.json Tree 8 87.47519604447166 0.00013644304357632498
completo_x264_4.json Tree 16 23.54397500718918 8.22504290992528e-05
completo_x264_4.json Tree 32 2.2552869749347133 3.288802082004755e-05
completo_x264_4.json Tree 64 2.155773356832408 2.4466524125519352e-05
data/completo_x264_4.json
completo_x264_4.json KNN 8 94.83218110835357 0.00014272474355667974
completo_x264_4.json KNN 16 58.47896369601356 0.00015388496359728046
completo_x264_4.json KNN 32 27.07808976523783 0.00011869738723002186
completo_x264_4.json KNN 64 25.014913260436522 6.717018386317365e-05
data/completo_x264_4.json
completo_canneal_1.json Equation 8 83.23227664068168 0.0002033135332218825
completo_canneal_1.json Equation 16 0.38583931573340063 3.213782563867647e-05
completo_canneal_1.json Equation 32 0.39324423624284377 2.9854839684467776e-05
completo_canneal_1.json Equation 64 0.31747837853116906 2.9329590981072917e-05
data/completo_canneal_1.json
completo_canneal_1.json MLP 8 3.9123691971258334 9.231284037492761e-05
completo_canneal_1.json MLP 16 2.608000308599975 5.635937927845064e-05
completo_canneal_1.json MLP 32 0.6201917827700377 3.269728922525884e-05
completo_canneal_1.json MLP 64 0.11915195412154125 1.5307031771565092e-05
data/completo_canneal_1.json
completo_canneal_1.json SVR_gridsearch 8 1.0248114359373846 3.8494742541597885e-05
completo_canneal_1.json SVR_gridsearch 16 1.9791305978665696 4.426754392176564e-05
completo_canneal_1.json SVR_gridsearch 32 0.4810026214032009 2.546960700448801e-05
completo_canneal_1.json SVR_gridsearch 64 0.23044216383677438 2.2531990078251915e-05
data/completo_canneal_1.json
completo_canneal_1.json SVR 8 6.55943704178517 0.00011116290543978928
completo_canneal_1.json SVR 16 5.684256192540343 0.00011620125772128231
completo_canneal_1.json SVR 32 2.68556759842935 6.371323288694555e-05
completo_canneal_1.json SVR 64 0.26954078297919065 1.6443667494371884e-05
data/completo_canneal_1.json
completo_canneal_1.json Tree 8 4.690791288850541 9.079061580666046e-05
completo_canneal_1.json Tree 16 1.664227777829137 5.317169879801143e-05
completo_canneal_1.json Tree 32 0.8421701632485687 2.898834419510485e-05
completo_canneal_1.json Tree 64 0.4811999388499087 1.6413517590711397e-05
data/completo_canneal_1.json
completo_canneal_1.json KNN 8 7.114525413434556 0.00015077230612344376
completo_canneal_1.json KNN 16 5.720372834266078 0.00012467013911465337
completo_canneal_1.json KNN 32 4.93286225061246 9.91869990043244e-05
completo_canneal_1.json KNN 64 4.264838787363775 0.00010478574036038084
data/completo_canneal_1.json
completo_canneal_2.json Equation 8 65.56626413846688 0.00018166314037967816
completo_canneal_2.json Equation 16 0.4248417072791653 3.036515657260337e-05
completo_canneal_2.json Equation 32 0.3975802661775322 2.7472062869297036e-05
completo_canneal_2.json Equation 64 0.36823008435298005 2.701099532519618e-05
data/completo_canneal_2.json
completo_canneal_2.json MLP 8 3.349577470433674 8.173284092335819e-05
completo_canneal_2.json MLP 16 1.2390846629006202 3.732053989869038e-05
completo_canneal_2.json MLP 32 0.43473420438210236 2.1170861590643627e-05
completo_canneal_2.json MLP 64 0.23210286009682238 1.646329753339321e-05
data/completo_canneal_2.json
completo_canneal_2.json SVR_gridsearch 8 1.238168026849732 4.86525729697977e-05
completo_canneal_2.json SVR_gridsearch 16 1.0790962983794654 3.810015751248659e-05
completo_canneal_2.json SVR_gridsearch 32 0.9627554177559231 4.037645414354665e-05
completo_canneal_2.json SVR_gridsearch 64 0.2566584569953958 2.0419628696656268e-05
data/completo_canneal_2.json
completo_canneal_2.json SVR 8 6.582069366168405 0.0001098205057845961
completo_canneal_2.json SVR 16 5.5660043502595 0.00011447812080252297
completo_canneal_2.json SVR 32 2.8325285704104757 6.200778967656163e-05
completo_canneal_2.json SVR 64 0.44340219179035484 2.0292343503566088e-05
data/completo_canneal_2.json
completo_canneal_2.json Tree 8 5.444145009675902 9.789607441889435e-05
completo_canneal_2.json Tree 16 1.6848764844440263 4.6205409024207756e-05
completo_canneal_2.json Tree 32 0.8689018955486301 2.8442780331321894e-05
completo_canneal_2.json Tree 64 0.3837096354613012 1.3874719117370321e-05
data/completo_canneal_2.json
completo_canneal_2.json KNN 8 6.75027138923111 0.00014377098264683485
completo_canneal_2.json KNN 16 5.582291211450239 0.000120767073687586
completo_canneal_2.json KNN 32 4.98526410504893 0.00010142127737495553
completo_canneal_2.json KNN 64 4.349837563837649 0.0001049609842218835
data/completo_canneal_2.json
completo_dedup_1.json Equation 8 59.40386874868309 0.00047252474865712614
completo_dedup_1.json Equation 16 0.1686371472664188 8.051527003432663e-05
completo_dedup_1.json Equation 32 0.16947339989312799 8.658625935224015e-05
completo_dedup_1.json Equation 64 0.157320916042708 8.101001685768011e-05
data/completo_dedup_1.json
completo_dedup_1.json MLP 8 9.309306817965608 0.0006185129398872942
completo_dedup_1.json MLP 16 6.254745256389156 0.00031273293475790403
completo_dedup_1.json MLP 32 0.6559502188541537 9.694682312924387e-05
completo_dedup_1.json MLP 64 0.23702641422024362 6.982868440362359e-05
data/completo_dedup_1.json
completo_dedup_1.json SVR_gridsearch 8 2.493049935859737 0.00020440714591889655
completo_dedup_1.json SVR_gridsearch 16 3.3877289582440424 0.0001687563391952734
completo_dedup_1.json SVR_gridsearch 32 1.2356418855805642 0.00017214757488301502
completo_dedup_1.json SVR_gridsearch 64 0.33907689842831207 8.979904003739737e-05
data/completo_dedup_1.json
completo_dedup_1.json SVR 8 3.20715644663525 0.00016033196124585667
completo_dedup_1.json SVR 16 0.6073633614390985 0.0001359041996899055
completo_dedup_1.json SVR 32 3.179906484944808 0.00015806364262082554
completo_dedup_1.json SVR 64 1.3593809619774095 0.00010890892366307376
data/completo_dedup_1.json
completo_dedup_1.json Tree 8 1.6565478049992906 0.0001687591931659711
completo_dedup_1.json Tree 16 1.6429832601699965 0.0001499850185482091
completo_dedup_1.json Tree 32 0.5457969652099527 8.409886053500407e-05
completo_dedup_1.json Tree 64 0.18450064323833335 4.473866796474952e-05
data/completo_dedup_1.json
completo_dedup_1.json KNN 8 3.217287675430679 0.00020264377412523943
completo_dedup_1.json KNN 16 2.120588842586868 0.00018222641597256486
completo_dedup_1.json KNN 32 1.6507917656890043 0.00017375601842679862
completo_dedup_1.json KNN 64 0.8672661554978572 0.000125614073598082
data/completo_dedup_1.json
completo_dedup_2.json Equation 8 60.130328272192095 0.0004590214265067841
completo_dedup_2.json Equation 16 0.1614423025199198 7.82672677962277e-05
completo_dedup_2.json Equation 32 0.14187548636278716 8.264815934237885e-05
completo_dedup_2.json Equation 64 0.13784839695709813 7.703920084904682e-05
data/completo_dedup_2.json
completo_dedup_2.json MLP 8 8.618771839469343 0.0005944632122831772
completo_dedup_2.json MLP 16 2.978178963565972 0.00018095487783167553
completo_dedup_2.json MLP 32 0.7252443103510735 0.00010499517083270449
completo_dedup_2.json MLP 64 0.23559803411674202 5.2930048213345964e-05
data/completo_dedup_2.json
completo_dedup_2.json SVR_gridsearch 8 2.2415349051820073 0.00017866861342481042
completo_dedup_2.json SVR_gridsearch 16 3.1014316847515238 0.00015158674980710214
completo_dedup_2.json SVR_gridsearch 32 0.9599829861295887 0.00013011254558080527
completo_dedup_2.json SVR_gridsearch 64 0.2986374175385815 8.717284355960067e-05
data/completo_dedup_2.json
completo_dedup_2.json SVR 8 3.030450863839456 0.0001530979549848237
completo_dedup_2.json SVR 16 0.7188136020174193 0.0001694929325669485
completo_dedup_2.json SVR 32 3.171147932346077 0.0001243012384993807
completo_dedup_2.json SVR 64 0.25576631243914016 6.222629342615167e-05
data/completo_dedup_2.json
completo_dedup_2.json Tree 8 1.353830026126303 0.0001629646231921533
completo_dedup_2.json Tree 16 1.6301616319714998 0.00014541597409823396
completo_dedup_2.json Tree 32 0.4667847546198256 8.061206277015726e-05
completo_dedup_2.json Tree 64 0.0860685133808696 3.0713323479603674e-05
data/completo_dedup_2.json
completo_dedup_2.json KNN 8 3.2285833635286747 0.0001816831615442735
completo_dedup_2.json KNN 16 1.9131234351071305 0.00016683435246354303
completo_dedup_2.json KNN 32 1.5018297589395067 0.00015009838667364169
completo_dedup_2.json KNN 64 0.7367173232801685 0.00010785138256266321
data/completo_dedup_2.json
completo_canneal_4.json Equation 8 15.791333107678797 0.00010826242398135162
completo_canneal_4.json Equation 16 2.783862104808181 5.4889161346490085e-05
completo_canneal_4.json Equation 32 2.4914677868691304 5.375009822928992e-05
completo_canneal_4.json Equation 64 2.5667837858893012 5.4313257976874394e-05
data/completo_canneal_4.json
completo_canneal_4.json MLP 8 37.77197818480452 0.00024076189752135534
completo_canneal_4.json MLP 16 2.2328376454682197 5.132891369029835e-05
completo_canneal_4.json MLP 32 2.6787454628477363 5.825709830220966e-05
completo_canneal_4.json MLP 64 2.144684229331516 4.5413896628090175e-05
data/completo_canneal_4.json
completo_canneal_4.json SVR_gridsearch 8 3.222530987677854 6.42242423065663e-05
completo_canneal_4.json SVR_gridsearch 16 3.1088878932724344 6.0413029161350064e-05
completo_canneal_4.json SVR_gridsearch 32 2.685391171750248 5.650380350193036e-05
completo_canneal_4.json SVR_gridsearch 64 2.8893576790371904 5.8498093970120417e-05
data/completo_canneal_4.json
completo_canneal_4.json SVR 8 3.231738485552981 5.939073441113863e-05
completo_canneal_4.json SVR 16 7.224735520295515 7.599612034983632e-05
completo_canneal_4.json SVR 32 6.18742878722724 7.250519440213005e-05
completo_canneal_4.json SVR 64 3.9879124568135467 5.043620241156672e-05
data/completo_canneal_4.json
completo_canneal_4.json Tree 8 3.1699245146851163 6.124228696893121e-05
completo_canneal_4.json Tree 16 9.232316149283582 9.526669666944535e-05
completo_canneal_4.json Tree 32 3.07773167680062 4.822149225708856e-05
completo_canneal_4.json Tree 64 0.9891270515101757 2.577489711934667e-05
data/completo_canneal_4.json
completo_canneal_4.json KNN 8 2.9666218183652617 5.9299774429593454e-05
completo_canneal_4.json KNN 16 3.679167295941046 7.538704688081226e-05
completo_canneal_4.json KNN 32 2.7229859744793092 6.440402338764477e-05
completo_canneal_4.json KNN 64 2.5892376274865647 5.542369585332074e-05
data/completo_canneal_4.json
completo_ferret_2.json Equation 8 391.2323337186315 0.000873092292205238
completo_ferret_2.json Equation 16 34.6938257920388 0.0003053359045236943
completo_ferret_2.json Equation 32 35.150575012808744 0.0002330805354278711
completo_ferret_2.json Equation 64 35.163063565216284 0.00023623202754446558
data/completo_ferret_2.json
completo_ferret_2.json MLP 8 164.86704977726734 0.0014202162477759484
completo_ferret_2.json MLP 16 597.6852659897419 0.0008819062899741204
completo_ferret_2.json MLP 32 31.83835051271873 0.00033505588484009
completo_ferret_2.json MLP 64 15.480843308989726 0.00013959448308549543
data/completo_ferret_2.json
completo_ferret_2.json SVR_gridsearch 8 115.92144837827534 0.0011359564430109834
completo_ferret_2.json SVR_gridsearch 16 133.60570913183852 0.0005154127469615708
completo_ferret_2.json SVR_gridsearch 32 56.27750754445255 0.00044535590145996856
completo_ferret_2.json SVR_gridsearch 64 22.73716152343436 0.0002486112276686812
data/completo_ferret_2.json
completo_ferret_2.json SVR 8 161.82399045797317 0.0008610277385725259
completo_ferret_2.json SVR 16 62.747199574394784 0.0008807351165140795
completo_ferret_2.json SVR 32 136.40245083565048 0.000662517175519478
completo_ferret_2.json SVR 64 39.29143418047914 0.0003497083554030024
data/completo_ferret_2.json
completo_ferret_2.json Tree 8 79.49966174230474 0.0010038404446453672
completo_ferret_2.json Tree 16 86.67965217605355 0.00034023514890007346
completo_ferret_2.json Tree 32 45.83132437105086 0.0001999790079524186
completo_ferret_2.json Tree 64 24.68198872366318 8.408242987381666e-05
data/completo_ferret_2.json
completo_ferret_2.json KNN 8 189.7251565715039 0.00041224536577209343
completo_ferret_2.json KNN 16 86.97457419364176 0.0005406195745820122
completo_ferret_2.json KNN 32 81.74802871465258 0.0003624802445744706
completo_ferret_2.json KNN 64 53.83057184346044 0.00046186421785172416
data/completo_ferret_2.json
completo_ferret_4.json Equation 8 57.28097063975881 0.0001017609904668001
completo_ferret_4.json Equation 16 4.580214998316276 8.810184120843695e-05
completo_ferret_4.json Equation 32 4.399122362183644 8.809247734398898e-05
completo_ferret_4.json Equation 64 4.396072759068902 8.76459303062397e-05
data/completo_ferret_4.json
completo_ferret_4.json MLP 8 30.203536596940634 9.09593404495058e-05
completo_ferret_4.json MLP 16 9.247695309859452 8.560130132931286e-05
completo_ferret_4.json MLP 32 12.274317697145968 4.916533994891653e-05
completo_ferret_4.json MLP 64 1.7393344459508147 3.8476533334036076e-05
data/completo_ferret_4.json
completo_ferret_4.json SVR_gridsearch 8 81.23580772735198 0.00012217436373971582
completo_ferret_4.json SVR_gridsearch 16 79.90014836761243 0.0001210941839333266
completo_ferret_4.json SVR_gridsearch 32 54.1626826267535 8.205951515758197e-05
completo_ferret_4.json SVR_gridsearch 64 48.05490931302056 6.765465690035971e-05
data/completo_ferret_4.json
completo_ferret_4.json SVR 8 80.12292126741964 0.00011736786242191453
completo_ferret_4.json SVR 16 14.818226135008116 0.00014257576379434646
completo_ferret_4.json SVR 32 42.818119083791956 0.00011565085892846162
completo_ferret_4.json SVR 64 5.092596264320905 4.2729579807063246e-05
data/completo_ferret_4.json
completo_ferret_4.json Tree 8 78.34073495022756 0.00011450441732794153
completo_ferret_4.json Tree 16 27.918732425044176 8.108112435277469e-05
completo_ferret_4.json Tree 32 4.816644760948272 4.6820377202540296e-05
completo_ferret_4.json Tree 64 1.8270296271652204 2.408142544286398e-05
data/completo_ferret_4.json
completo_ferret_4.json KNN 8 80.85188222961668 0.00011873609941931502
completo_ferret_4.json KNN 16 55.24176186900048 0.00013799621962363553
completo_ferret_4.json KNN 32 31.966714616348323 0.000129255211485794
completo_ferret_4.json KNN 64 29.789770851037122 6.835080244569933e-05
data/completo_ferret_4.json
