data/completo_freq.json
data/completo_freq.json
data/completo_freq.json
data/completo_freq.json
data/completo_freq.json
data/completo_freq.json
data/completo_freq.json
data/completo_freq.json
data/completo_freq.json
data/completo_freq.json
data/completo_freq.json
data/completo_freq.json
data/completo_freq.json
data/completo_freq.json
data/completo_freq.json
data/completo_freq.json
data/completo_freq.json
data/completo_freq.json
data/completo_freq.json
data/completo_freq.json
data/completo_freq.json
data/completo_freq.json
data/completo_freq.json
data/completo_freq.json
data/completo_freq.json
data/completo_freq.json
data/completo_freq.json
data/completo_freq.json
data/completo_freq.json
data/completo_freq.json
completo_x264_4.json Equation 8 10.19787595420516 0.17736117754611047
completo_x264_4.json Equation 16 4.646908103233338 0.13324759751935294
completo_x264_4.json Equation 32 5.492476878507403 0.09799675528343847
completo_x264_4.json Equation 64 3.5709700026289677 0.12101663164306489
completo_x264_4.json Equation 128 3.5704992150290353 0.11512936399457113
completo_x264_4.json MLP 8 48.81914500944278 0.09712433696295135
completo_x264_4.json MLP 16 43.66927199972353 0.09414862701474291
completo_x264_4.json MLP 32 12.162817727264175 0.05485713517552275
completo_x264_4.json MLP 64 2.4095299796166567 0.04497042329932141
completo_x264_4.json MLP 128 0.5498749962741547 0.03073862881561558
completo_x264_4.json SVR_gridsearch 8 89.67566293089328 0.140186420286012
completo_x264_4.json SVR_gridsearch 16 93.00262981982054 0.14774794901373986
completo_x264_4.json SVR_gridsearch 32 93.43896701522638 0.1467920254311193
completo_x264_4.json SVR_gridsearch 64 92.9835966770312 0.1473518573989762
completo_x264_4.json SVR_gridsearch 128 92.63736474162012 0.14808002806967852
completo_x264_4.json SVR 8 50.50320004250535 0.20296661512140104
completo_x264_4.json SVR 16 54.93475224201361 0.0924128544286144
completo_x264_4.json SVR 32 11.016763788679034 0.05882408534739558
completo_x264_4.json SVR 64 1.6344053534281724 0.03650827828565522
completo_x264_4.json SVR 128 0.914839039821733 0.027639058529702054
completo_x264_4.json Tree 8 97.5925849174619 0.3802890798342531
completo_x264_4.json Tree 16 32.16135932314732 0.0577946170612108
completo_x264_4.json Tree 32 8.591475203881286 0.03582030417849082
completo_x264_4.json Tree 64 1.650914948452575 0.024567037373899196
completo_x264_4.json Tree 128 0.3400816562758225 0.009827878291023273
completo_x264_4.json KNN 8 73.67998268357199 0.21478099573879467
completo_x264_4.json KNN 16 57.85967506743978 0.12944332937966577
completo_x264_4.json KNN 32 39.34531247349744 0.07580032721729724
completo_x264_4.json KNN 64 7.390879712238229 0.0640337126721292
completo_x264_4.json KNN 128 1.9467800924609029 0.037366979698578724
completo_ferret_1.json Equation 8 0.1315527089604248 0.06907939814428828
completo_ferret_1.json Equation 16 0.13188764250596852 0.05863536334423515
completo_ferret_1.json Equation 32 0.14683443235616025 0.054236325746759614
completo_ferret_1.json Equation 64 0.09664788505042358 0.0531525806906604
completo_ferret_1.json Equation 128 0.09720538879229278 0.052407187965357586
completo_ferret_1.json MLP 8 55.24264283819235 0.16722867290023713
completo_ferret_1.json MLP 16 51.762732997997155 0.14079939621344853
completo_ferret_1.json MLP 32 9.359901982365212 0.05413153173781251
completo_ferret_1.json MLP 64 0.47320897999060785 0.04090796091298886
completo_ferret_1.json MLP 128 0.22527722046525533 0.04042822147303487
completo_ferret_1.json SVR_gridsearch 8 93.06310590735859 0.2700006040727411
completo_ferret_1.json SVR_gridsearch 16 90.59481965412223 0.2428622091746154
completo_ferret_1.json SVR_gridsearch 32 85.95151105676248 0.19939737290743653
completo_ferret_1.json SVR_gridsearch 64 80.33800758267448 0.1733050887836385
completo_ferret_1.json SVR_gridsearch 128 92.6384964757266 0.2310616267604489
completo_ferret_1.json SVR 8 61.301158626895635 0.41372891905803044
completo_ferret_1.json SVR 16 51.25041721525248 0.19042075747710643
completo_ferret_1.json SVR 32 8.967779771852198 0.08224201240536007
completo_ferret_1.json SVR 64 0.10488518052883937 0.047182543812537565
completo_ferret_1.json SVR 128 0.023860085692553434 0.026229413420083638
completo_ferret_1.json Tree 8 40.15402510185406 0.16809569660825407
completo_ferret_1.json Tree 16 60.84865663865103 0.1723671178881387
completo_ferret_1.json Tree 32 6.132185368303413 0.0713668542709456
completo_ferret_1.json Tree 64 0.6290603635919485 0.03347817961728315
completo_ferret_1.json Tree 128 0.3833601136637722 0.0069690961504225764
completo_ferret_1.json KNN 8 78.92468883993537 0.32129778205668913
completo_ferret_1.json KNN 16 59.26911837882516 0.19215136344056738
completo_ferret_1.json KNN 32 32.31410995814959 0.14786236468049446
completo_ferret_1.json KNN 64 4.773771958785284 0.10861724409677889
completo_ferret_1.json KNN 128 1.447820381111744 0.07388395452822236
completo_swaptions_2.json Equation 8 3.3136628641363695 0.10127091537158686
completo_swaptions_2.json Equation 16 3.354750520718317 0.10272212415713275
completo_swaptions_2.json Equation 32 3.887825094152431 0.10251650270377119
completo_swaptions_2.json Equation 64 3.58859562694571 0.10130382630976317
completo_swaptions_2.json Equation 128 3.425634781455788 0.10033224364126735
completo_swaptions_2.json MLP 8 561.5585526946376 0.2185224183652766
completo_swaptions_2.json MLP 16 526.0785843940464 0.1773066222433562
completo_swaptions_2.json MLP 32 24.085220689300648 0.06299065862109986
completo_swaptions_2.json MLP 64 8.178896582770564 0.041273571070264754
completo_swaptions_2.json MLP 128 0.1770445997151488 0.0070613355925137865
completo_swaptions_2.json SVR_gridsearch 8 1025.6686495842173 0.2731100444325242
completo_swaptions_2.json SVR_gridsearch 16 1074.372760397871 0.30584883554615677
completo_swaptions_2.json SVR_gridsearch 32 1022.5790844849992 0.276111513493218
completo_swaptions_2.json SVR_gridsearch 64 984.5410327270795 0.2611227415223509
completo_swaptions_2.json SVR_gridsearch 128 942.1485534263994 0.23840156599574464
completo_swaptions_2.json SVR 8 691.7097480189823 0.4288695320697239
completo_swaptions_2.json SVR 16 593.3703689417929 0.18751720373169228
completo_swaptions_2.json SVR 32 54.522240712882045 0.05955444970881896
completo_swaptions_2.json SVR 64 1.7582083536459787 0.028979076776642222
completo_swaptions_2.json SVR 128 0.9851319330871384 0.010268307049207519
completo_swaptions_2.json Tree 8 454.7374685044616 0.1703084286790603
completo_swaptions_2.json Tree 16 740.6858327267662 0.1815483624224512
completo_swaptions_2.json Tree 32 66.00555690666508 0.04743866131613433
completo_swaptions_2.json Tree 64 10.972231672086906 0.025028412045069618
completo_swaptions_2.json Tree 128 6.209957894151598 0.005720067608119225
completo_swaptions_2.json KNN 8 892.0001599669163 0.32966083562684856
completo_swaptions_2.json KNN 16 674.2989862681006 0.23218977918921282
completo_swaptions_2.json KNN 32 361.14709073089085 0.17859196625949894
completo_swaptions_2.json KNN 64 55.44366973426254 0.1264725139340989
completo_swaptions_2.json KNN 128 16.32161257594836 0.06628698356079302
completo_fluid_4.json Equation 8 225.56026327432622 0.19069023879335795
completo_fluid_4.json Equation 16 84.41822113000846 0.145084860129522
completo_fluid_4.json Equation 32 55.980845291309 0.08292508612225775
completo_fluid_4.json Equation 64 53.209007352865314 0.08293652649581544
completo_fluid_4.json Equation 128 53.81743906723585 0.07897633014705953
completo_fluid_4.json MLP 8 588.226178656455 0.15971151226003238
completo_fluid_4.json MLP 16 120.98834498937599 0.09286080130713381
completo_fluid_4.json MLP 32 34.571743656392265 0.0557769575691343
completo_fluid_4.json MLP 64 2.063813368393829 0.017632826696418066
completo_fluid_4.json MLP 128 0.03030793083171986 0.0037445259069665824
completo_fluid_4.json SVR_gridsearch 8 963.034111625113 0.2932073782875754
completo_fluid_4.json SVR_gridsearch 16 1360.7705386561695 0.36041746118300716
completo_fluid_4.json SVR_gridsearch 32 1335.6836248293223 0.35944827963470727
completo_fluid_4.json SVR_gridsearch 64 1317.6135537777097 0.3593122645575838
completo_fluid_4.json SVR_gridsearch 128 1025.534751113806 0.2045045807121226
completo_fluid_4.json SVR 8 727.306536190678 0.14736205996231205
completo_fluid_4.json SVR 16 68.98163382196445 0.08061863536664535
completo_fluid_4.json SVR 32 49.84834005986769 0.06813712685477452
completo_fluid_4.json SVR 64 29.067421630201952 0.03487857646058869
completo_fluid_4.json SVR 128 26.813619188981857 0.02934587012562722
completo_fluid_4.json Tree 8 591.8336656640097 0.11703752399186229
completo_fluid_4.json Tree 16 129.83469351987438 0.0789879618567032
completo_fluid_4.json Tree 32 57.27503115071994 0.04044682163214998
completo_fluid_4.json Tree 64 18.782103151168794 0.011205930637840842
completo_fluid_4.json Tree 128 0.0 0.0
completo_fluid_4.json KNN 8 1347.649273458231 0.6288817561495467
completo_fluid_4.json KNN 16 418.3425578792301 0.27242363574494016
completo_fluid_4.json KNN 32 184.327504353818 0.09539766366611001
completo_fluid_4.json KNN 64 49.461727949850555 0.06059346485335308
completo_fluid_4.json KNN 128 24.999451508073786 0.03897439912385307
completo_ferret_2.json Equation 8 29.072362864286497 0.3324454590415022
completo_ferret_2.json Equation 16 30.376382407691125 0.3230751796453629
completo_ferret_2.json Equation 32 30.1891538926407 0.3148126634643939
completo_ferret_2.json Equation 64 35.16091856472668 0.24118670627062583
completo_ferret_2.json Equation 128 36.4578617093681 0.2217792920093784
completo_ferret_2.json MLP 8 110.35807665049022 0.38290862677337206
completo_ferret_2.json MLP 16 73.7228797914383 0.38045680490806355
completo_ferret_2.json MLP 32 43.21275920000635 0.31870410199762245
completo_ferret_2.json MLP 64 15.366043630634048 0.2351081203848233
completo_ferret_2.json MLP 128 6.989180198947678 0.15461036753847832
completo_ferret_2.json SVR_gridsearch 8 127.33373663287806 0.4686045247585158
completo_ferret_2.json SVR_gridsearch 16 69.65120450407045 0.5070292229744053
completo_ferret_2.json SVR_gridsearch 32 102.45140355887561 0.31614654034069867
completo_ferret_2.json SVR_gridsearch 64 80.59150689147427 0.2682995387288059
completo_ferret_2.json SVR_gridsearch 128 75.82563268945485 0.1995985612526077
completo_ferret_2.json SVR 8 132.83070597119004 0.6908251643662471
completo_ferret_2.json SVR 16 119.8564038495275 0.6231320645264643
completo_ferret_2.json SVR 32 101.36669103736175 0.8118645802752134
completo_ferret_2.json SVR 64 105.11543786614901 0.7740279448845037
completo_ferret_2.json SVR 128 28.583988316870393 0.23319821842976013
completo_ferret_2.json Tree 8 107.24757126409783 0.4255946535140295
completo_ferret_2.json Tree 16 91.37883873704412 0.3005145513318563
completo_ferret_2.json Tree 32 57.257580783393735 0.2769053676309937
completo_ferret_2.json Tree 64 14.914054174641642 0.07970553112960592
completo_ferret_2.json Tree 128 9.815017901746511 0.010949763035568836
completo_ferret_2.json KNN 8 142.31134897288328 0.7311074294553077
completo_ferret_2.json KNN 16 113.75763750248764 0.5472484203873982
completo_ferret_2.json KNN 32 74.69082180382296 0.6376693925709823
completo_ferret_2.json KNN 64 40.32565208892912 0.49069802610419666
completo_ferret_2.json KNN 128 36.225691475388054 0.48693509719877853
completo_freqmine_2.json Equation 8 223.07618918104708 0.16632961432315782
completo_freqmine_2.json Equation 16 282.39246952090684 0.15730104787945767
completo_freqmine_2.json Equation 32 97.39924219879396 0.2243558786075139
completo_freqmine_2.json Equation 64 62.566894595263115 0.293166660438135
completo_freqmine_2.json Equation 128 53.40132217580732 0.3396723475250316
completo_freqmine_2.json MLP 8 268.0546280813604 0.16891289414838498
completo_freqmine_2.json MLP 16 285.25153297977994 0.14646805178524408
completo_freqmine_2.json MLP 32 15.756885811112861 0.23123428002117813
completo_freqmine_2.json MLP 64 9.205434718844547 0.1365216913350019
completo_freqmine_2.json MLP 128 2.8451436609696903 0.0991724583498156
completo_freqmine_2.json SVR_gridsearch 8 280.89952085177663 0.19036075986265757
completo_freqmine_2.json SVR_gridsearch 16 284.12097599815655 0.14370941470684392
completo_freqmine_2.json SVR_gridsearch 32 288.92883165707383 0.15033894155106003
completo_freqmine_2.json SVR_gridsearch 64 280.31850517799757 0.14889882466159826
completo_freqmine_2.json SVR_gridsearch 128 276.34981846511084 0.14727014226595558
completo_freqmine_2.json SVR 8 287.39172924594413 0.21031545992005923
completo_freqmine_2.json SVR 16 307.79873966737745 0.21192710239842305
completo_freqmine_2.json SVR 32 49.57298109737275 0.1553213112642027
completo_freqmine_2.json SVR 64 4.277665234728335 0.11936120684475862
completo_freqmine_2.json SVR 128 3.3153373239198545 0.09148668425677896
completo_freqmine_2.json Tree 8 277.6998638548003 0.1936179436269587
completo_freqmine_2.json Tree 16 287.6983478923831 0.16233899534404364
completo_freqmine_2.json Tree 32 25.99844537174901 0.11090336021393345
completo_freqmine_2.json Tree 64 5.298029581190795 0.07407483275867406
completo_freqmine_2.json Tree 128 2.7485639367907804 0.05700074099831029
completo_freqmine_2.json KNN 8 290.86434075826884 0.19873579993300844
completo_freqmine_2.json KNN 16 290.1433500877528 0.1909103172411578
completo_freqmine_2.json KNN 32 203.46394129205825 0.294436864234848
completo_freqmine_2.json KNN 64 48.717638891428024 0.261581420775964
completo_freqmine_2.json KNN 128 8.287830150528649 0.12343015036737452
completo_freqmine_1.json Equation 8 223.07618918104708 0.16632961432315782
completo_freqmine_1.json Equation 16 282.39246952090684 0.15730104787945767
completo_freqmine_1.json Equation 32 97.39924219879396 0.2243558786075139
completo_freqmine_1.json Equation 64 62.566894595263115 0.293166660438135
completo_freqmine_1.json Equation 128 53.40132217580732 0.3396723475250316
completo_freqmine_1.json MLP 8 268.0546280813604 0.16891289414838498
completo_freqmine_1.json MLP 16 285.25153297977994 0.14646805178524408
completo_freqmine_1.json MLP 32 15.756885811112861 0.23123428002117813
completo_freqmine_1.json MLP 64 9.205434718844547 0.1365216913350019
completo_freqmine_1.json MLP 128 2.8451436609696903 0.0991724583498156
completo_freqmine_1.json SVR_gridsearch 8 280.89952085177663 0.19036075986265757
completo_freqmine_1.json SVR_gridsearch 16 284.12097599815655 0.14370941470684392
completo_freqmine_1.json SVR_gridsearch 32 288.92883165707383 0.15033894155106003
completo_freqmine_1.json SVR_gridsearch 64 280.31850517799757 0.14889882466159826
completo_freqmine_1.json SVR_gridsearch 128 276.34981846511084 0.14727014226595558
completo_freqmine_1.json SVR 8 287.39172924594413 0.21031545992005923
completo_freqmine_1.json SVR 16 307.79873966737745 0.21192710239842305
completo_freqmine_1.json SVR 32 49.57298109737275 0.1553213112642027
completo_freqmine_1.json SVR 64 4.277665234728335 0.11936120684475862
completo_freqmine_1.json SVR 128 3.3153373239198545 0.09148668425677896
completo_freqmine_1.json Tree 8 277.6998638548003 0.1936179436269587
completo_freqmine_1.json Tree 16 287.6983478923831 0.16233899534404364
completo_freqmine_1.json Tree 32 25.99844537174901 0.11090336021393345
completo_freqmine_1.json Tree 64 5.298029581190795 0.07407483275867406
completo_freqmine_1.json Tree 128 2.7485639367907804 0.05700074099831029
completo_freqmine_1.json KNN 8 290.86434075826884 0.19873579993300844
completo_freqmine_1.json KNN 16 290.1433500877528 0.1909103172411578
completo_freqmine_1.json KNN 32 203.46394129205825 0.294436864234848
completo_freqmine_1.json KNN 64 48.717638891428024 0.261581420775964
completo_freqmine_1.json KNN 128 8.287830150528649 0.12343015036737452
completo_vips_4.json Equation 8 3.5161469249174284 0.08197902475647631
completo_vips_4.json Equation 16 2.144665072147601 0.07169808415687791
completo_vips_4.json Equation 32 2.1553425238205612 0.08246468727496045
completo_vips_4.json Equation 64 2.1437552660031276 0.07715398784546587
completo_vips_4.json Equation 128 2.1667843025916658 0.07646880671834383
completo_vips_4.json MLP 8 33.94270498690705 0.09392815684257838
completo_vips_4.json MLP 16 34.445647145567726 0.10369220545577995
completo_vips_4.json MLP 32 16.13557797851542 0.06905107580018081
completo_vips_4.json MLP 64 1.469932786753899 0.04638714251565895
completo_vips_4.json MLP 128 0.223722completo_swaptions_3.json Equation 8 83.66540446555565 0.14036206207174395
completo_swaptions_3.json Equation 16 102.87305228639866 0.13577838241031012
completo_swaptions_3.json Equation 32 36.08508772434912 0.12268009440716815
completo_swaptions_3.json Equation 64 35.09798785778991 0.12209877943142255
completo_swaptions_3.json Equation 128 34.098888946237736 0.12174050770811135
completo_swaptions_3.json MLP 8 432.6485537172275 0.1743869782996563
completo_swaptions_3.json MLP 16 309.8360484131813 0.19003779660482156
completo_swaptions_3.json MLP 32 196.4725582235578 0.1454616577973135
completo_swaptions_3.json MLP 64 25.251154394711577 0.051816474432761446
completo_swaptions_3.json MLP 128 4.848899610478861 0.03138667138027567
completo_swaptions_3.json SVR_gridsearch 8 1059.7842265223485 0.2664821257506205
completo_swaptions_3.json SVR_gridsearch 16 994.0133083435202 0.2448745967615222
completo_swaptions_3.json SVR_gridsearch 32 1114.8720141045626 0.26457063067245795
completo_swaptions_3.json SVR_gridsearch 64 1008.9794289734241 0.25822478545078326
completo_swaptions_3.json SVR_gridsearch 128 971.9085566247786 0.2393621913505514
completo_swaptions_3.json SVR 8 651.0520730565958 0.39084482180989705
completo_swaptions_3.json SVR 16 297.25611789352683 0.1333325755761543
completo_swaptions_3.json SVR 32 210.92761000738318 0.08206915917403458
completo_swaptions_3.json SVR 64 11.754231952378785 0.04637785361811208
completo_swaptions_3.json SVR 128 10.045430049389061 0.031552879296234
completo_swaptions_3.json Tree 8 373.6392175317337 0.1331800021240997
completo_swaptions_3.json Tree 16 161.6291797146671 0.08023478179445671
completo_swaptions_3.json Tree 32 113.14874889959755 0.048252181222426846
completo_swaptions_3.json Tree 64 97.02516986632267 0.03442451325073546
completo_swaptions_3.json Tree 128 8.384386106281333 0.012941640257652175
completo_swaptions_3.json KNN 8 873.1154838329452 0.2772910126370461
completo_swaptions_3.json KNN 16 533.7158492649908 0.18707947564478636
completo_swaptions_3.json KNN 32 292.7118343561053 0.12581949852547236
completo_swaptions_3.json KNN 64 72.74113109183938 0.09017819063730806
completo_swaptions_3.json KNN 128 28.791334696878447 0.0452563430281941
completo_xhpl.json Equation 8 11.970669645485618 0.051159320577881646
completo_xhpl.json Equation 16 11.713540856299238 0.048636028839769134
completo_xhpl.json Equation 32 11.540829330308226 0.045692149703376934
completo_xhpl.json Equation 64 11.287406802906478 0.04502449521320193
completo_xhpl.json Equation 128 11.252509235353806 0.044799715864458696
completo_xhpl.json MLP 8 18.127369713708358 0.09595727763649028
completo_xhpl.json MLP 16 17.275265234402568 0.08860029750007613
completo_xhpl.json MLP 32 16.555048129816754 0.09072428319778549
completo_xhpl.json MLP 64 11.534208943890325 0.027582196036222154
completo_xhpl.json MLP 128 11.4452799404952 0.02918858642236464
completo_xhpl.json SVR_gridsearch 8 19.141680496279427 0.1249642663911685
completo_xhpl.json SVR_gridsearch 16 17.514540532371097 0.10294243973110269
completo_xhpl.json SVR_gridsearch 32 18.232675107834964 0.10264725501741437
completo_xhpl.json SVR_gridsearch 64 17.56142991785314 0.0918199390183138
completo_xhpl.json SVR_gridsearch 128 17.349999489154953 0.08868072475832628
completo_xhpl.json SVR 8 18.586129047843027 0.15250664496451175
completo_xhpl.json SVR 16 17.992603307009997 0.14097774977471503
completo_xhpl.json SVR 32 14.248877481395294 0.07986759153682717
completo_xhpl.json SVR 64 11.187428502141984 0.04570112646179117
completo_xhpl.json SVR 128 11.16984632348484 0.03508108608152318
completo_xhpl.json Tree 8 17.437360484099905 0.103364580453898
completo_xhpl.json Tree 16 18.24112197906769 0.10270019410938162
completo_xhpl.json Tree 32 13.696163039954921 0.052009215227110474
completo_xhpl.json Tree 64 10.242001196617542 0.03125684466959964
completo_xhpl.json Tree 128 10.21177258240029 0.012600669881964904
completo_xhpl.json KNN 8 19.158274399466848 0.15612298873398575
completo_xhpl.json KNN 16 18.284751338673438 0.14216591959050467
completo_xhpl.json KNN 32 16.472008862034completo_fluid_2.json Equation 8 1298.8289604525305 0.10706588009197344
completo_fluid_2.json Equation 16 111.69686046838045 0.030393781491298313
completo_fluid_2.json Equation 32 108.09814996576068 0.030699727833266785
completo_fluid_2.json Equation 64 108.81814163768578 0.03126624611421535
completo_fluid_2.json Equation 128 120.9663648471322 0.032185994014547276
completo_fluid_2.json MLP 8 5262.265678735074 0.19111841009118258
completo_fluid_2.json MLP 16 300.5169966939777 0.057645444701658693
completo_fluid_2.json MLP 32 101.72213271948874 0.04197640377071474
completo_fluid_2.json MLP 64 57.64416203601373 0.018604561097673816
completo_fluid_2.json MLP 128 5.844757801697598 0.012431884234044198
completo_fluid_2.json SVR_gridsearch 8 14766.026294988978 0.49252766238957435
completo_fluid_2.json SVR_gridsearch 16 19082.78976630905 0.46005944764647855
completo_fluid_2.json SVR_gridsearch 32 16926.0241083709 0.4848152186742667
completo_fluid_2.json SVR_gridsearch 64 20691.420738702025 0.4330111973784463
completo_fluid_2.json SVR_gridsearch 128 19884.11335332344 0.44242500570070914
completo_fluid_2.json SVR 8 9509.177916931618 0.15218762478901027
completo_fluid_2.json SVR 16 252.27538052163814 0.03833981361443083
completo_fluid_2.json SVR 32 119.99534373299123 0.019681842202856313
completo_fluid_2.json SVR 64 111.64623203434789 0.015331140238389492
completo_fluid_2.json SVR 128 98.49493590765034 0.013872006052152198
completo_fluid_2.json Tree 8 9793.765827195963 0.2619868794222615
completo_fluid_2.json Tree 16 1043.5160752842303 0.07878271472821319
completo_fluid_2.json Tree 32 411.30726908490095 0.04602316719881658
completo_fluid_2.json Tree 64 210.88878839539532 0.02162494523223077
completo_fluid_2.json Tree 128 7.367340889789375 0.002673897922165988
completo_fluid_2.json KNN 8 18633.94184099605 0.6949314990673072
completo_fluid_2.json KNN 16 6363.935152358568 0.3276589289377665
completo_fluid_2.json KNN 32 2065.179412723954 0.12456187102631566
completo_fluid_2.json KNN 64 544.6401074244322 0.05402345210290003
completo_fluid_2.json KNN 128 167.93597341719936 0.030662973024877218
completo_dedup_3.json Equation 8 0.12466427341129199 0.06619163633058403
completo_dedup_3.json Equation 16 0.17273169570869662 0.06871350593178872
completo_dedup_3.json Equation 32 0.09232465708795538 0.06230510140273534
completo_dedup_3.json Equation 64 0.09310381752109406 0.061235817853474296
completo_dedup_3.json Equation 128 0.09142085001430718 0.06080358375643711
completo_dedup_3.json MLP 8 2.4438610908346226 0.13601727507512137
completo_dedup_3.json MLP 16 1.868795107240629 0.11556959399930597
completo_dedup_3.json MLP 32 1.1988793334525074 0.10458666745525087
completo_dedup_3.json MLP 64 0.2027612874033722 0.0679552008350235
completo_dedup_3.json MLP 128 0.0697321698893678 0.05027308386435195
completo_dedup_3.json SVR_gridsearch 8 2.969605461638449 0.17070749707947916
completo_dedup_3.json SVR_gridsearch 16 2.395873120731979 0.14289183564102814
completo_dedup_3.json SVR_gridsearch 32 1.9494530384517936 0.11446711886755392
completo_dedup_3.json SVR_gridsearch 64 1.8504518243352528 0.10855058412104092
completo_dedup_3.json SVR_gridsearch 128 0.6851787533620519 0.09079902910821254
completo_dedup_3.json SVR 8 2.5362981045732518 0.15129948703934593
completo_dedup_3.json SVR 16 1.9437849172630621 0.13321389775854828
completo_dedup_3.json SVR 32 0.5945188932692855 0.08646535695870605
completo_dedup_3.json SVR 64 0.16775530237050731 0.06921345531451387
completo_dedup_3.json SVR 128 0.13818260938893542 0.057660066862231095
completo_dedup_3.json Tree 8 3.885582814283243 0.23619680337517127
completo_dedup_3.json Tree 16 1.4688407254691915 0.10696118730795831
completo_dedup_3.json Tree 32 0.501164970241154 0.0687904805874115
completo_dedup_3.json Tree 64 0.1353239248642467 0.047651911892278305
completo_dedup_3.json Tree 128 0.06200008023990365 0.02678325913358167
completo_dedup_3.json KNN 8 3.3001961006480767 0.1762554058456782
completo_dedup_3.json KNN 16 2.665172836375642 0.16223346482294806
completo_dedup_3.json KNN 32 1.697653936791934 0.13545584816completo_black_6.json Equation 8 2083.424692309929 0.10772099220478659
completo_black_6.json Equation 16 3813.0610552846015 0.1375933163048219
completo_black_6.json Equation 32 602.564237495694 0.05867631180094972
completo_black_6.json Equation 64 585.8315954057038 0.05892178582597131
completo_black_6.json Equation 128 582.9820031024548 0.05875093839804316
completo_black_6.json MLP 8 3599.4265317503505 0.0862745906773925
completo_black_6.json MLP 16 3851.995490118742 0.0907037028218889
completo_black_6.json MLP 32 1186.5753246993513 0.038189935757911846
completo_black_6.json MLP 64 243.5261537003853 0.022669712603692063
completo_black_6.json MLP 128 7.012973165665492 0.010162987234766697
completo_black_6.json SVR_gridsearch 8 8671.404465756968 0.13715668179029425
completo_black_6.json SVR_gridsearch 16 8283.893382810975 0.1267823788568791
completo_black_6.json SVR_gridsearch 32 8383.171949484851 0.1290327907810651
completo_black_6.json SVR_gridsearch 64 8115.318406184331 0.12335832099851034
completo_black_6.json SVR_gridsearch 128 8008.304012897447 0.1282920167668937
completo_black_6.json SVR 8 2694.899200604803 0.17768275997545802
completo_black_6.json SVR 16 4417.138949246633 0.0827422665578398
completo_black_6.json SVR 32 1446.8618041943528 0.043616143400777685
completo_black_6.json SVR 64 140.45271348402773 0.03484727033758004
completo_black_6.json SVR 128 89.40744098426241 0.019857440366811887
completo_black_6.json Tree 8 1044.839680417028 0.0708394896342765
completo_black_6.json Tree 16 1381.6223051772192 0.03677448251090798
completo_black_6.json Tree 32 930.8976634246908 0.02901737608749268
completo_black_6.json Tree 64 789.8284885822275 0.02604391143073725
completo_black_6.json Tree 128 35.163020601127094 0.004271138832339712
completo_black_6.json KNN 8 5732.825146487711 0.1882979618974802
completo_black_6.json KNN 16 3780.9701448069527 0.11544060882363354
completo_black_6.json KNN 32 2336.329851663905 0.07412703811906056
completo_black_6.json KNN 64 721.5740884283146 0.060222860097723034
completo_black_6.json KNN 128 225.38028196766518 0.03176557728722427
completo_rtview_4.json Equation 8 1623.9419126823086 0.07675480327077464
completo_rtview_4.json Equation 16 1714.8583949554336 0.0774550023058952
completo_rtview_4.json Equation 32 381.32403664061343 0.05411408310225832
completo_rtview_4.json Equation 64 383.946878143289 0.055018141880659586
completo_rtview_4.json Equation 128 378.8719230995882 0.054646762291769096
completo_rtview_4.json MLP 8 10826.137146349327 0.12574673139101897
completo_rtview_4.json MLP 16 11033.310202634873 0.13791746131711038
completo_rtview_4.json MLP 32 3772.260487312599 0.06483406817814659
completo_rtview_4.json MLP 64 462.06175455385227 0.044488108674721916
completo_rtview_4.json MLP 128 20.878337484043634 0.024985420080585408
completo_rtview_4.json SVR_gridsearch 8 14178.23785377866 0.2065528483681416
completo_rtview_4.json SVR_gridsearch 16 20368.706270000934 0.17990339866197924
completo_rtview_4.json SVR_gridsearch 32 19294.651810722862 0.17536539708523177
completo_rtview_4.json SVR_gridsearch 64 18480.939502384357 0.15203104376938895
completo_rtview_4.json SVR_gridsearch 128 17191.61797626009 0.14309463819258847
completo_rtview_4.json SVR 8 12483.276778189173 0.2562211553644858
completo_rtview_4.json SVR 16 7122.605430704981 0.11128221353597101
completo_rtview_4.json SVR 32 4367.789265395458 0.08319324052272539
completo_rtview_4.json SVR 64 280.798051256331 0.0458278084409487
completo_rtview_4.json SVR 128 204.6241335759584 0.028840603035066786
completo_rtview_4.json Tree 8 7245.922644028339 0.09920754564092508
completo_rtview_4.json Tree 16 4332.475532245237 0.07782791429891395
completo_rtview_4.json Tree 32 2065.77013191597 0.06215303099349386
completo_rtview_4.json Tree 64 384.6600420341568 0.034155799009418314
completo_rtview_4.json Tree 128 147.94876528449274 0.011348682219257144
completo_rtview_4.json KNN 8 16927.198197625177 0.20020316473495553
completo_rtview_4.json KNN 16 11380.278340808161 0.12755380749324732
completo_rtview_4.json KNN 32 6095.48463181362 0.089285394758completo_fluid_1.json Equation 8 476.96645796994153 22.77297822279733
completo_fluid_1.json Equation 16 330.91674595288424 6.05132061853438
completo_fluid_1.json Equation 32 303.98639702612763 5.930103943469079
completo_fluid_1.json Equation 64 178.96414547204165 5.550349964042544
completo_fluid_1.json Equation 128 179.12720193822162 5.414334079109967
completo_fluid_1.json MLP 8 2376.543092317774 19.911592627028636
completo_fluid_1.json MLP 16 2353.884746725872 14.50304495253744
completo_fluid_1.json MLP 32 1239.7538439669665 8.453826215742586
completo_fluid_1.json MLP 64 40.42762122940064 2.6698763047034477
completo_fluid_1.json MLP 128 77.7515540677581 5.6211153365646895
completo_fluid_1.json SVR_gridsearch 8 2138.1957901589176 26.22870842854846
completo_fluid_1.json SVR_gridsearch 16 4386.01442960327 1.1956416814968065
completo_fluid_1.json SVR_gridsearch 32 4351.849396503643 1.0142314197109024
completo_fluid_1.json SVR_gridsearch 64 4195.011824906843 1.3939907815863908
completo_fluid_1.json SVR_gridsearch 128 3984.1745689311665 2.040270133110019
completo_fluid_1.json SVR 8 2504.449669192554 21.188157888294377
completo_fluid_1.json SVR 16 1577.980612436758 4.074136339983537
completo_fluid_1.json SVR 32 285.9031251641272 2.592249860370443
completo_fluid_1.json SVR 64 13.467020769363478 0.31120655509426604
completo_fluid_1.json SVR 128 8.107394297209362 0.16594091892448434
completo_fluid_1.json Tree 8 2031.741308862464 16.459809701969014
completo_fluid_1.json Tree 16 1819.008532138324 3.2589198680270255
completo_fluid_1.json Tree 32 267.79127825899087 2.6723675279609282
completo_fluid_1.json Tree 64 35.83956825148288 0.033861320559612766
completo_fluid_1.json Tree 128 12.43328021256933 0.019495799936161323
completo_fluid_1.json KNN 8 2983.2825670080656 22.875855963833107
completo_fluid_1.json KNN 16 2350.603940370418 12.718203410263337
completo_fluid_1.json KNN 32 1157.7817866663183 10.269547762765484
completo_fluid_1.json KNN 64 269.2761823654517 4.502694811791224
completo_fluid_1.json KNN 128 62.61986673329972 0.04387498074409998
completo_x264_2.json Equation 8 3.9490727526010474 0.1382604866905311
completo_x264_2.json Equation 16 4.2057804797846705 0.13017285977277104
completo_x264_2.json Equation 32 2.8540804914599347 0.14093189207371884
completo_x264_2.json Equation 64 0.8866399570969797 0.2328395423792279
completo_x264_2.json Equation 128 0.9105727903880139 0.23643459153917196
completo_x264_2.json MLP 8 20.04885786842311 0.24086986788703324
completo_x264_2.json MLP 16 19.128691190069887 0.17034303552743477
completo_x264_2.json MLP 32 13.747937888956482 0.16057066027946035
completo_x264_2.json MLP 64 0.3152326620933537 0.10223402268194122
completo_x264_2.json MLP 128 0.16999745428977875 0.09494268120289194
completo_x264_2.json SVR_gridsearch 8 27.13749233804312 0.24005744966602202
completo_x264_2.json SVR_gridsearch 16 27.97283461019364 0.2524786255664092
completo_x264_2.json SVR_gridsearch 32 24.722820890219463 0.21791370982622318
completo_x264_2.json SVR_gridsearch 64 28.26906115461684 0.26843752180446623
completo_x264_2.json SVR_gridsearch 128 27.937780396049114 0.25117440670480534
completo_x264_2.json SVR 8 21.536729600627332 0.28835335247597044
completo_x264_2.json SVR 16 20.265108312968536 0.20170089314933384
completo_x264_2.json SVR 32 3.863457568457823 0.12526258834015305
completo_x264_2.json SVR 64 0.33275074964867885 0.09774353579443236
completo_x264_2.json SVR 128 0.03755476451619312 0.06016570624556685
completo_x264_2.json Tree 8 22.74615699420504 0.2250918483156244
completo_x264_2.json Tree 16 16.353401643384725 0.14143138350735956
completo_x264_2.json Tree 32 2.4636587905336027 0.08805059108375059
completo_x264_2.json Tree 64 0.6224475685364919 0.04983494801719057
completo_x264_2.json Tree 128 0.16516069640448536 0.007951384768284959
completo_x264_2.json KNN 8 25.10845278977165 0.2799313493848238
completo_x264_2.json KNN 16 21.547282862622858 0.21140823002946807
completo_x264_2.json KNN 32 13.261830211847018 0.18170569077172874
completo_x264_2.json KNN 64 1.8297313500927335 0.14791791437592935
completcompleto_vips_1.json Equation 8 0.4326568903069867 0.10238101206908305
completo_vips_1.json Equation 16 0.4531445657601374 0.10057408972387254
completo_vips_1.json Equation 32 0.3871702602533877 0.09855556563304954
completo_vips_1.json Equation 64 0.3840587040526896 0.09786352080911881
completo_vips_1.json Equation 128 0.3786935078365913 0.09904996642382329
completo_vips_1.json MLP 8 44.974743985713474 0.20296824339933311
completo_vips_1.json MLP 16 43.62876048594216 0.17894038246345192
completo_vips_1.json MLP 32 22.607937781346788 0.14231044885912633
completo_vips_1.json MLP 64 1.1198690869841852 0.10939207208722104
completo_vips_1.json MLP 128 0.42578733609757463 0.09758895330823698
completo_vips_1.json SVR_gridsearch 8 73.64677478664763 0.2885404843733297
completo_vips_1.json SVR_gridsearch 16 71.35248392986172 0.24341696952273925
completo_vips_1.json SVR_gridsearch 32 61.95114601317128 0.22145895887192274
completo_vips_1.json SVR_gridsearch 64 45.26717548481005 0.20210410889254984
completo_vips_1.json SVR_gridsearch 128 70.56192378747295 0.2473053958578159
completo_vips_1.json SVR 8 48.03192048826413 0.34137844915499205
completo_vips_1.json SVR 16 42.934960124185366 0.17356100233305255
completo_vips_1.json SVR 32 9.705565904721666 0.18098698708391317
completo_vips_1.json SVR 64 2.713594509136532 0.1359375107421213
completo_vips_1.json SVR 128 0.6650606324332666 0.084996372836649
completo_vips_1.json Tree 8 31.91926364088017 0.2105093710205146
completo_vips_1.json Tree 16 29.483117682615244 0.16155570210980585
completo_vips_1.json Tree 32 5.777020978430165 0.1350892028749587
completo_vips_1.json Tree 64 0.8920589007877996 0.08760585521323894
completo_vips_1.json Tree 128 0.4554734745576032 0.017149360413284256
completo_vips_1.json KNN 8 61.97652931617929 0.2903490923977335
completo_vips_1.json KNN 16 47.86998368848383 0.19943770362782776
completo_vips_1.json KNN 32 27.189613651194733 0.17436956497592312
completo_vips_1.json KNN 64 4.2333095583711895 0.14233405648688519
completo_vips_1.json KNN 128 1.334583300472546 0.10988199226168537
completo_dedup_1.json Equation 8 0.23665233459768992 0.09172880826173932
completo_dedup_1.json Equation 16 0.2711661118579915 0.09532237436033586
completo_dedup_1.json Equation 32 0.1555145992699198 0.08260503237963843
completo_dedup_1.json Equation 64 0.15734216627620978 0.0805886386508295
completo_dedup_1.json Equation 128 0.15685444880755936 0.08068403624746143
completo_dedup_1.json MLP 8 3.3705852163979535 0.16765041956696924
completo_dedup_1.json MLP 16 2.4684917828945085 0.13541129853654066
completo_dedup_1.json MLP 32 1.6225114829902818 0.1314006259272226
completo_dedup_1.json MLP 64 0.22683834583845028 0.0832681217770564
completo_dedup_1.json MLP 128 0.1808943097435017 0.08090775051426106
completo_dedup_1.json SVR_gridsearch 8 3.1579256715042443 0.17320503789694533
completo_dedup_1.json SVR_gridsearch 16 2.95637414639467 0.16243932555695798
completo_dedup_1.json SVR_gridsearch 32 2.433241846080536 0.14662978311072603
completo_dedup_1.json SVR_gridsearch 64 1.8951510775791598 0.11972744714704074
completo_dedup_1.json SVR_gridsearch 128 1.542219951774493 0.10669135461929609
completo_dedup_1.json SVR 8 2.5802878275051055 0.1569402298179008
completo_dedup_1.json SVR 16 2.247225180917389 0.1405572242445798
completo_dedup_1.json SVR 32 0.699176689604853 0.09410917376314591
completo_dedup_1.json SVR 64 0.3012687814690455 0.08558976448445867
completo_dedup_1.json SVR 128 0.23289307060634762 0.06402740602119794
completo_dedup_1.json Tree 8 2.018329674787659 0.13998708780452906
completo_dedup_1.json Tree 16 1.7597773878701184 0.12408520376845901
completo_dedup_1.json Tree 32 0.6006712884386948 0.09316509462118637
completo_dedup_1.json Tree 64 0.17872539892065706 0.05099243342860883
completo_dedup_1.json Tree 128 0.05331263787079217 0.01276219883010321
completo_dedup_1.json KNN 8 3.4715785576046176 0.18543027601011652
completo_dedup_1.json KNN 16 2.901921112585842 0.1659518423712054
completo_dedup_1.json KNN 32 1.658470846824208 0.14226516330849254
completo_dedup_1.json KNN 64 0.3932010700completo_dedup_2.json Equation 8 0.2107924125099571 0.09939400270258468
completo_dedup_2.json Equation 16 0.18975992051456064 0.09078791975129712
completo_dedup_2.json Equation 32 0.14313426576915142 0.07709229713664066
completo_dedup_2.json Equation 64 0.14288532923930078 0.0765211592533018
completo_dedup_2.json Equation 128 0.13621033469227517 0.07499779504203039
completo_dedup_2.json MLP 8 3.401014232272619 0.23399234379012204
completo_dedup_2.json MLP 16 1.8617588709500166 0.14051141965302155
completo_dedup_2.json MLP 32 0.813021183954505 0.09453128620586757
completo_dedup_2.json MLP 64 0.2507380562724892 0.08484483662965765
completo_dedup_2.json MLP 128 0.16790775563050458 0.07576738477508363
completo_dedup_2.json SVR_gridsearch 8 2.576453650391908 0.162316839407846
completo_dedup_2.json SVR_gridsearch 16 2.3225710103281907 0.1514611370447233
completo_dedup_2.json SVR_gridsearch 32 2.1738302724770326 0.12403307356566212
completo_dedup_2.json SVR_gridsearch 64 1.5334916544572552 0.1188213624022897
completo_dedup_2.json SVR_gridsearch 128 2.481592736510751 0.13818610182832927
completo_dedup_2.json SVR 8 2.5690441138602567 0.15342691429461172
completo_dedup_2.json SVR 16 2.159991493348188 0.13378611478667812
completo_dedup_2.json SVR 32 0.3531948492340586 0.06972745394587532
completo_dedup_2.json SVR 64 0.12123445392811605 0.06068030838982915
completo_dedup_2.json SVR 128 0.03150261121674229 0.03773425300234715
completo_dedup_2.json Tree 8 2.1342374364383923 0.14364601741715513
completo_dedup_2.json Tree 16 2.5426631031879956 0.1512525186413955
completo_dedup_2.json Tree 32 0.38680269223563246 0.06348183581084528
completo_dedup_2.json Tree 64 0.12154867943665555 0.04686219880323178
completo_dedup_2.json Tree 128 0.0372816183500056 0.010826481463019821
completo_dedup_2.json KNN 8 3.100642794288787 0.1744170957246803
completo_dedup_2.json KNN 16 2.6695615152961203 0.16677037408673762
completo_dedup_2.json KNN 32 1.530167725720408 0.12031204129544329
completo_dedup_2.json KNN 64 0.3433993078667065 0.09658869112908323
completo_dedup_2.json KNN 128 0.14879118706193056 0.06842233881103837
completo_x264_3.json Equation 8 4.71103211143488 0.11184715749411756
completo_x264_3.json Equation 16 4.087164637289668 0.11340229321508578
completo_x264_3.json Equation 32 2.653678277993182 0.1348281472747903
completo_x264_3.json Equation 64 1.0093981277117148 0.22171469790859674
completo_x264_3.json Equation 128 1.036472105179107 0.22293328745856653
completo_x264_3.json MLP 8 19.94161861490234 0.20207832016761765
completo_x264_3.json MLP 16 17.220904431000616 0.17407678686980177
completo_x264_3.json MLP 32 0.7951418223363166 0.08581843822068745
completo_x264_3.json MLP 64 0.4492280574007291 0.0913008184934268
completo_x264_3.json MLP 128 0.18777973800458928 0.08558241174044405
completo_x264_3.json SVR_gridsearch 8 28.544900037095008 0.30642396269977756
completo_x264_3.json SVR_gridsearch 16 28.329649278824462 0.3153336410726249
completo_x264_3.json SVR_gridsearch 32 26.81400284294955 0.2383937242042315
completo_x264_3.json SVR_gridsearch 64 26.380140988756967 0.22664922397036444
completo_x264_3.json SVR_gridsearch 128 19.974206824874187 0.21983332864593264
completo_x264_3.json SVR 8 22.090988324865428 0.3421075767439154
completo_x264_3.json SVR 16 18.91008892710992 0.2316966381326604
completo_x264_3.json SVR 32 2.9381783043124536 0.13571421003655643
completo_x264_3.json SVR 64 0.1666960997809782 0.11676856239363827
completo_x264_3.json SVR 128 0.10079358382079823 0.09042820964518294
completo_x264_3.json Tree 8 17.999621935027033 0.17667278787976037
completo_x264_3.json Tree 16 15.37919330429454 0.14101994219332067
completo_x264_3.json Tree 32 1.8170312899460945 0.08915257281349437
completo_x264_3.json Tree 64 0.26184634236913235 0.06869074264116502
completo_x264_3.json Tree 128 0.14258722006754268 0.04613119995386743
completo_x264_3.json KNN 8 25.10322229109509 0.28234036389257733
completo_x264_3.json KNN 16 21.12281325374757 0.22962178165037828
completo_x264_3.json KNN 32 13.250645720071889 0.18182382137551617
completo_x264_3.json KNN 64completo_x264_1.json Equation 8 4.749235008618216 0.13924652443299237
completo_x264_1.json Equation 16 4.042133930833136 0.11879287145474525
completo_x264_1.json Equation 32 2.742237531790651 0.1406324468971278
completo_x264_1.json Equation 64 1.0891553306102404 0.24114240295990924
completo_x264_1.json Equation 128 1.0862630394279698 0.23910120018154998
completo_x264_1.json MLP 8 22.266940216213914 0.2615954765199368
completo_x264_1.json MLP 16 19.02440078240911 0.19761514023284896
completo_x264_1.json MLP 32 13.251461207586757 0.16055105586896337
completo_x264_1.json MLP 64 0.5627702802988611 0.10575639907896864
completo_x264_1.json MLP 128 0.17926252307042975 0.09001641003443123
completo_x264_1.json SVR_gridsearch 8 26.13006235690096 0.25421059092123677
completo_x264_1.json SVR_gridsearch 16 26.21243135544055 0.2604367328689494
completo_x264_1.json SVR_gridsearch 32 23.378438971961643 0.2204667223997965
completo_x264_1.json SVR_gridsearch 64 24.970707751127733 0.23026415387533478
completo_x264_1.json SVR_gridsearch 128 26.600791214899665 0.24810606166981541
completo_x264_1.json SVR 8 20.80915674511319 0.3211162620526025
completo_x264_1.json SVR 16 18.67176797518753 0.21920359830746453
completo_x264_1.json SVR 32 3.0873545636866484 0.14369609606366232
completo_x264_1.json SVR 64 0.04023512639944802 0.08081500495534624
completo_x264_1.json SVR 128 0.02552161445285349 0.062386319225895645
completo_x264_1.json Tree 8 16.851860380056774 0.18448860511384194
completo_x264_1.json Tree 16 15.543360898972715 0.1546789360105903
completo_x264_1.json Tree 32 1.7604283176171596 0.1030235175673167
completo_x264_1.json Tree 64 0.19756089141687888 0.04866890598926909
completo_x264_1.json Tree 128 0.1452786072172689 0.014882771426636878
completo_x264_1.json KNN 8 23.939776149828823 0.2722392441074385
completo_x264_1.json KNN 16 20.560982267269676 0.21401394340888086
completo_x264_1.json KNN 32 12.704910126675616 0.1715328671233228
completo_x264_1.json KNN 64 1.7275805591976425 0.1481102928535651
completo_x264_1.json KNN 128 0.33126237559612803 0.0978507720685284
completo_dedup_4.json Equation 8 3.3418425638002525 0.18634290918765994
completo_dedup_4.json Equation 16 0.5197961155341793 0.10148084919688886
completo_dedup_4.json Equation 32 0.5319405210115193 0.09306103260572501
completo_dedup_4.json Equation 64 0.4338589816748071 0.09372220119079094
completo_dedup_4.json Equation 128 0.4236401879809773 0.09165470745890474
completo_dedup_4.json MLP 8 1.9188283473024912 0.14500238737834184
completo_dedup_4.json MLP 16 1.659442275716159 0.09919037228159608
completo_dedup_4.json MLP 32 1.7786805860073625 0.09685704374944117
completo_dedup_4.json MLP 64 0.3458523672527478 0.06736385362897428
completo_dedup_4.json MLP 128 0.237583413654457 0.059772779267685316
completo_dedup_4.json SVR_gridsearch 8 2.314800016397967 0.12854867710418078
completo_dedup_4.json SVR_gridsearch 16 2.266446531356295 0.11986784636397961
completo_dedup_4.json SVR_gridsearch 32 2.473359579398428 0.12495749074348628
completo_dedup_4.json SVR_gridsearch 64 2.1921488961986078 0.11989486897447932
completo_dedup_4.json SVR_gridsearch 128 2.2540796631973397 0.11748423383900358
completo_dedup_4.json SVR 8 1.2493746747263341 0.0982518148264152
completo_dedup_4.json SVR 16 2.3163221190857315 0.08561548359351794
completo_dedup_4.json SVR 32 0.8693521941469028 0.06845767453473484
completo_dedup_4.json SVR 64 0.19882075150454587 0.04713070695734095
completo_dedup_4.json SVR 128 0.10199028569725291 0.03298643222519448
completo_dedup_4.json Tree 8 2.7021698124690126 0.13984981591041648
completo_dedup_4.json Tree 16 1.5185104425772977 0.08724097795459963
completo_dedup_4.json Tree 32 0.6134538204276582 0.04950169323384628
completo_dedup_4.json Tree 64 0.17502951165261577 0.03401179691093999
completo_dedup_4.json Tree 128 0.05432299234291024 0.009895299843712676
completo_dedup_4.json KNN 8 2.074269349458323 0.14681800929330655
completo_dedup_4.json KNN 16 1.898437265574054 0.10546939539766223
completo_dedup_4.json KNN 32 1.5111910480021271 0.07831042029201324
completo_dedup_4.json KNN 6completo_xhpl_2.json Equation 8 8.457200569469872 0.15805179634629046
completo_xhpl_2.json Equation 16 3.8541594153739487 0.11384124573469312
completo_xhpl_2.json Equation 32 0.3819297460033384 0.07082296709713233
completo_xhpl_2.json Equation 64 0.30475000886248504 0.0706994548801465
completo_xhpl_2.json Equation 128 0.3086081922097291 0.06804421173211092
completo_xhpl_2.json MLP 8 1.2307152984041227 0.12142447478237316
completo_xhpl_2.json MLP 16 1.187609132154396 0.08167841681078472
completo_xhpl_2.json MLP 32 0.6537281729789751 0.06199962964401446
completo_xhpl_2.json MLP 64 0.17771297241003114 0.04952212463649698
completo_xhpl_2.json MLP 128 0.09876447305104841 0.0471245963229635
completo_xhpl_2.json SVR_gridsearch 8 3.738231490549766 0.15091927443025036
completo_xhpl_2.json SVR_gridsearch 16 2.3557221349455717 0.09671629401297135
completo_xhpl_2.json SVR_gridsearch 32 2.5643910872456748 0.11167054436729071
completo_xhpl_2.json SVR_gridsearch 64 0.6270549285009143 0.06852759980721923
completo_xhpl_2.json SVR_gridsearch 128 1.6643285191581718 0.09689864951037946
completo_xhpl_2.json SVR 8 1.2318689417985142 0.1326440159824424
completo_xhpl_2.json SVR 16 1.7171976415307568 0.09756148357607997
completo_xhpl_2.json SVR 32 0.8132446255374957 0.07433030723174473
completo_xhpl_2.json SVR 64 0.09026972853528678 0.043976032204188865
completo_xhpl_2.json SVR 128 0.05176472686297699 0.035411716593211184
completo_xhpl_2.json Tree 8 5.569166198375908 0.2991568537934008
completo_xhpl_2.json Tree 16 0.6899108688554959 0.07500537465868912
completo_xhpl_2.json Tree 32 0.5015934847326848 0.059921899479037574
completo_xhpl_2.json Tree 64 0.3662361304036967 0.044943032138058794
completo_xhpl_2.json Tree 128 0.04308786745360061 0.015008336074132426
completo_xhpl_2.json KNN 8 2.352271064176177 0.14285445655363052
completo_xhpl_2.json KNN 16 1.4303893976466744 0.1019663589783579
completo_xhpl_2.json KNN 32 0.9185125754964815 0.08136455184526173
completo_xhpl_2.json KNN 64 0.363755484704011 0.07299964776753519
completo_xhpl_2.json KNN 128 0.14408128163839273 0.050142605390755865
completo_canneal_4.json Equation 8 3.8627045836784735 0.06442305081025815
completo_canneal_4.json Equation 16 5.4339862038591 0.06951120348272445
completo_canneal_4.json Equation 32 2.472076274372503 0.054046438631507106
completo_canneal_4.json Equation 64 2.4892880839064806 0.05398576710326261
completo_canneal_4.json Equation 128 2.4900227425129575 0.053895962073014274
completo_canneal_4.json MLP 8 3.2233643437203314 0.06252928672464375
completo_canneal_4.json MLP 16 4.5504293617422915 0.07906406962594321
completo_canneal_4.json MLP 32 2.485470175633417 0.05770992306559008
completo_canneal_4.json MLP 64 2.0309973616333217 0.04993048354720635
completo_canneal_4.json MLP 128 1.6195227421883174 0.04342652535745687
completo_canneal_4.json SVR_gridsearch 8 3.45621658786128 0.06619970397480933
completo_canneal_4.json SVR_gridsearch 16 3.1098568908004647 0.06064502034466085
completo_canneal_4.json SVR_gridsearch 32 2.5398742783049597 0.054257215301859306
completo_canneal_4.json SVR_gridsearch 64 2.489513735437622 0.05277489355170144
completo_canneal_4.json SVR_gridsearch 128 2.433571291208985 0.05369784587345874
completo_canneal_4.json SVR 8 3.4137024275233894 0.06509910722021586
completo_canneal_4.json SVR 16 3.6359206089027087 0.06419126920466035
completo_canneal_4.json SVR 32 5.1825313270719775 0.0674428961091791
completo_canneal_4.json SVR 64 2.699593693010195 0.040966933202628335
completo_canneal_4.json SVR 128 1.2914542286106017 0.029354085056080496
completo_canneal_4.json Tree 8 3.556790484341744 0.06797161012963958
completo_canneal_4.json Tree 16 3.7982580242235784 0.07010390795558433
completo_canneal_4.json Tree 32 3.2614672504014104 0.04933473706655385
completo_canneal_4.json Tree 64 2.321909833660794 0.03793139972977271
completo_canneal_4.json Tree 128 0.18535574232210106 0.008514697885852757
completo_canneal_4.json KNN 8 3.1087897060507617 0.062239905542584066
completo_canneal_4.json KNN 16 3.180993437271323 0.06595907607792263
completo_canneal_4.json KNN 32 completo_black_1.json Equation 8 0.30246703453032553 0.050259168183660635
completo_black_1.json Equation 16 0.11511912673044396 0.0443948946200457
completo_black_1.json Equation 32 0.0990536598111129 0.03642092812681783
completo_black_1.json Equation 64 0.0811266408236389 0.036244224619064284
completo_black_1.json Equation 128 0.0770830760919076 0.03589313311099259
completo_black_1.json MLP 8 5.4415550771763925 0.08486585084650373
completo_black_1.json MLP 16 0.7787678656925348 0.06988546550492447
completo_black_1.json MLP 32 2.490972611644779 0.07000221769172095
completo_black_1.json MLP 64 0.10703340529236548 0.036045168896394655
completo_black_1.json MLP 128 0.039084006414311784 0.032166288129440446
completo_black_1.json SVR_gridsearch 8 7.812094421813428 0.12677294614965431
completo_black_1.json SVR_gridsearch 16 4.780960641861134 0.09932160757357582
completo_black_1.json SVR_gridsearch 32 7.6012717478087355 0.11572540180781522
completo_black_1.json SVR_gridsearch 64 2.3558997580150893 0.060624804387951176
completo_black_1.json SVR_gridsearch 128 4.728554964091866 0.0953611049115265
completo_black_1.json SVR 8 10.578145592990035 0.22686296256519914
completo_black_1.json SVR 16 2.3977666754769653 0.17274973447011724
completo_black_1.json SVR 32 2.3804332507348342 0.10656125561116753
completo_black_1.json SVR 64 0.12462441431023062 0.04554690131034492
completo_black_1.json SVR 128 0.0656881408088535 0.038777751429645506
completo_black_1.json Tree 8 8.123785115893247 0.1619771734535326
completo_black_1.json Tree 16 1.6761596775690373 0.12320314338133588
completo_black_1.json Tree 32 1.6837411594210279 0.0948500613971165
completo_black_1.json Tree 64 0.350692410222837 0.05524491276167905
completo_black_1.json Tree 128 0.13552721050347596 0.030903246125252665
completo_black_1.json KNN 8 10.015499667361683 0.2140956280167874
completo_black_1.json KNN 16 5.762792995822281 0.17582581109036896
completo_black_1.json KNN 32 3.8841232299828103 0.14502415122782916
completo_black_1.json KNN 64 1.4710345461369256 0.12667687706813074
completo_black_1.json KNN 128 0.5488094250746549 0.08069630049014288
completo_bodytrack_1.json Equation 8 85.04617236054013 0.15128235071539942
completo_bodytrack_1.json Equation 16 79.7674679700147 0.164503005067163
completo_bodytrack_1.json Equation 32 43.64589663891342 0.13534727633506274
completo_bodytrack_1.json Equation 64 41.60939543382586 0.13911943768901
completo_bodytrack_1.json Equation 128 43.543092287133035 0.1342927929032042
completo_bodytrack_1.json MLP 8 351.938669975049 0.2112325731110236
completo_bodytrack_1.json MLP 16 257.87344440283573 0.231341922380488
completo_bodytrack_1.json MLP 32 195.8960792397941 0.17997219246658377
completo_bodytrack_1.json MLP 64 58.353284179311366 0.14701149801545313
completo_bodytrack_1.json MLP 128 33.089743906277434 0.11893838754440365
completo_bodytrack_1.json SVR_gridsearch 8 543.2821619310574 0.33871564452977826
completo_bodytrack_1.json SVR_gridsearch 16 269.0570869813379 0.2409130993449702
completo_bodytrack_1.json SVR_gridsearch 32 505.21815235243025 0.2074164581240678
completo_bodytrack_1.json SVR_gridsearch 64 393.9185404076159 0.1885034676030003
completo_bodytrack_1.json SVR_gridsearch 128 379.0890206731016 0.17909950576738273
completo_bodytrack_1.json SVR 8 488.7327598173704 0.3191447613769772
completo_bodytrack_1.json SVR 16 449.7026541309607 0.31978426797410053
completo_bodytrack_1.json SVR 32 232.51981454988433 0.23373089521978002
completo_bodytrack_1.json SVR 64 100.24941514269685 0.16192862768494778
completo_bodytrack_1.json SVR 128 47.39912044589383 0.11950050136574342
completo_bodytrack_1.json Tree 8 339.658881512009 0.22878441805020663
completo_bodytrack_1.json Tree 16 370.4314546961942 0.23389933806656701
completo_bodytrack_1.json Tree 32 147.3263377324501 0.18162661097414431
completo_bodytrack_1.json Tree 64 50.40330652000263 0.1116570852600744
completo_bodytrack_1.json Tree 128 27.305794679323714 0.07578111112844957
completo_bodytrack_1.json KNN 8 549.4265794056339 0.3275538280987435
completo_bodytrack_1.json KNN 16 432.193993753834completo_rtview_1.json Equation 8 15.100186464044564 0.09847136215093102
completo_rtview_1.json Equation 16 16.705430900650363 0.09765234252077112
completo_rtview_1.json Equation 32 7.6789447864488976 0.06457864367082367
completo_rtview_1.json Equation 64 8.136693579971347 0.05532509946937404
completo_rtview_1.json Equation 128 8.357609237988665 0.05588371750982426
completo_rtview_1.json MLP 8 81.28787792236905 0.1160987215549559
completo_rtview_1.json MLP 16 5.755299601034135 0.08502747172503367
completo_rtview_1.json MLP 32 20.12357764433663 0.061084685026903895
completo_rtview_1.json MLP 64 1.5517197981006348 0.02604015689608791
completo_rtview_1.json MLP 128 0.18823978582505263 0.01909357864674247
completo_rtview_1.json SVR_gridsearch 8 220.3827375179746 0.2613632725486623
completo_rtview_1.json SVR_gridsearch 16 211.00468589119137 0.20476689870945924
completo_rtview_1.json SVR_gridsearch 32 208.7818601195375 0.18013295412831512
completo_rtview_1.json SVR_gridsearch 64 196.42799289558306 0.1680002053239988
completo_rtview_1.json SVR_gridsearch 128 219.30539930023633 0.19959813654259978
completo_rtview_1.json SVR 8 126.04964533368089 0.34812619953214724
completo_rtview_1.json SVR 16 59.419789898262614 0.1859437103162199
completo_rtview_1.json SVR 32 19.26803793338277 0.054423975564511874
completo_rtview_1.json SVR 64 1.1426301605987745 0.03211917116084334
completo_rtview_1.json SVR 128 0.6120342457270097 0.021130197919547067
completo_rtview_1.json Tree 8 79.00129476546617 0.17232541280785466
completo_rtview_1.json Tree 16 33.20499952958471 0.10119116890645699
completo_rtview_1.json Tree 32 15.483689744222582 0.0712643607992344
completo_rtview_1.json Tree 64 3.7632689507340027 0.04928192016284011
completo_rtview_1.json Tree 128 0.992420137230007 0.02437177689888842
completo_rtview_1.json KNN 8 173.83040524553897 0.3071190188711191
completo_rtview_1.json KNN 16 113.83160339458671 0.21962354074542362
completo_rtview_1.json KNN 32 52.66658231102197 0.1630786199710726
completo_rtview_1.json KNN 64 14.2629995172777 0.1249203697109088
completo_rtview_1.json KNN 128 5.228179189959003 0.07582719470727856
completo_canneal_1.json Equation 8 0.8001234821072676 0.03622959958390583
completo_canneal_1.json Equation 16 0.6476475947710483 0.0351148064228397
completo_canneal_1.json Equation 32 0.4504894618414551 0.03351809371405617
completo_canneal_1.json Equation 64 0.4024952177569703 0.03182672671555842
completo_canneal_1.json Equation 128 0.39808113207870094 0.03204528883992023
completo_canneal_1.json MLP 8 2.0906831608629566 0.05171698258622641
completo_canneal_1.json MLP 16 0.8227571910327152 0.034112944522395716
completo_canneal_1.json MLP 32 0.5895456867503316 0.026043086778057202
completo_canneal_1.json MLP 64 0.17322316865475124 0.019763518891103823
completo_canneal_1.json MLP 128 0.08695836299836472 0.014715180959380642
completo_canneal_1.json SVR_gridsearch 8 1.8568839811946312 0.04736469397326933
completo_canneal_1.json SVR_gridsearch 16 1.5342621806658427 0.03868372903475165
completo_canneal_1.json SVR_gridsearch 32 1.1915425410657978 0.039670666040093325
completo_canneal_1.json SVR_gridsearch 64 1.1440907019402269 0.03688291948731775
completo_canneal_1.json SVR_gridsearch 128 1.0772215155380505 0.03464311058022217
completo_canneal_1.json SVR 8 8.323370858722908 0.1284898984543212
completo_canneal_1.json SVR 16 6.885884926340593 0.1248146819739124
completo_canneal_1.json SVR 32 2.311116964049831 0.05318065594222165
completo_canneal_1.json SVR 64 0.5346722212957795 0.023795767036793272
completo_canneal_1.json SVR 128 0.07087473716406449 0.009553391446405915
completo_canneal_1.json Tree 8 2.9001290250450826 0.066641902397986
completo_canneal_1.json Tree 16 1.3831634747517085 0.043860885698280526
completo_canneal_1.json Tree 32 0.9931008890624099 0.029683218071672655
completo_canneal_1.json Tree 64 0.3171400725955089 0.016840923773571125
completo_canneal_1.json Tree 128 0.11731148067393657 0.004598456796397084
completo_canneal_1.json KNN 8 7.14770242162126 0.11959070699512726
completo_canneal_1.json KNN 16 6.865782444958339 0completo_vips_2.json Equation 8 0.5981616050568002 0.09665757380552738
completo_vips_2.json Equation 16 0.44251542294816804 0.08493011441464243
completo_vips_2.json Equation 32 0.42305002508882483 0.08912345935216628
completo_vips_2.json Equation 64 0.4215070108095317 0.09602844446707431
completo_vips_2.json Equation 128 0.4174102730631929 0.09130570199818626
completo_vips_2.json MLP 8 43.08216044264589 0.19972044871287706
completo_vips_2.json MLP 16 42.03563875522192 0.17211469312658423
completo_vips_2.json MLP 32 18.05651752528797 0.12743806995069196
completo_vips_2.json MLP 64 0.5023193919498113 0.07734572613392181
completo_vips_2.json MLP 128 0.3526092847345859 0.08704739077535636
completo_vips_2.json SVR_gridsearch 8 75.05305125072557 0.24854023182613563
completo_vips_2.json SVR_gridsearch 16 72.38804201033022 0.23993159230153818
completo_vips_2.json SVR_gridsearch 32 67.76645360437769 0.21592427856459018
completo_vips_2.json SVR_gridsearch 64 46.817468266003075 0.2030661919878991
completo_vips_2.json SVR_gridsearch 128 25.869242407847192 0.14173679795841304
completo_vips_2.json SVR 8 49.99197287046452 0.3308689441173151
completo_vips_2.json SVR 16 45.500840350427616 0.19815844655427614
completo_vips_2.json SVR 32 7.672026659984929 0.12863459240380393
completo_vips_2.json SVR 64 0.45917984557715386 0.09096066438131312
completo_vips_2.json SVR 128 0.18945385241508977 0.06084519132338766
completo_vips_2.json Tree 8 33.28066535702086 0.18547526326667332
completo_vips_2.json Tree 16 49.6934077501059 0.20739632079017356
completo_vips_2.json Tree 32 5.355882058611857 0.11472671382197845
completo_vips_2.json Tree 64 1.055253458705511 0.09500311242875038
completo_vips_2.json Tree 128 0.47707766030625237 0.01320535351808542
completo_vips_2.json KNN 8 64.25708081005605 0.28245822493574946
completo_vips_2.json KNN 16 49.412943107565795 0.20437864354223953
completo_vips_2.json KNN 32 27.453219315881405 0.1769561912104251
completo_vips_2.json KNN 64 3.9808762942934033 0.15349510671280367
completo_vips_2.json KNN 128 1.2848902607744495 0.11222138461177002
completo_ferret_4.json Equation 8 6.451602078900672 0.07322591975784978
completo_ferret_4.json Equation 16 5.507988196239352 0.07261287194927542
completo_ferret_4.json Equation 32 9.504421602743824 0.07140316005040881
completo_ferret_4.json Equation 64 4.397141567490953 0.08871639236908666
completo_ferret_4.json Equation 128 4.3181335964821 0.084643237820653
completo_ferret_4.json MLP 8 62.55386884536063 0.09611586913841445
completo_ferret_4.json MLP 16 14.101119559708964 0.07796084026704943
completo_ferret_4.json MLP 32 44.75876863217862 0.07119678294790789
completo_ferret_4.json MLP 64 5.298233348664311 0.04717374655424918
completo_ferret_4.json MLP 128 1.489103365747317 0.033799048239967974
completo_ferret_4.json SVR_gridsearch 8 77.12756503059101 0.11527567017167274
completo_ferret_4.json SVR_gridsearch 16 79.91298906760395 0.12077361387393594
completo_ferret_4.json SVR_gridsearch 32 80.2459320068025 0.12019052612444188
completo_ferret_4.json SVR_gridsearch 64 80.2983366167464 0.12009569066635561
completo_ferret_4.json SVR_gridsearch 128 79.98495379216808 0.1200805281452481
completo_ferret_4.json SVR 8 60.68216240583822 0.1158161262223078
completo_ferret_4.json SVR 16 43.54303380532923 0.08069961891183638
completo_ferret_4.json SVR 32 27.17002389983047 0.07500987168401178
completo_ferret_4.json SVR 64 2.3279460116500332 0.0367925293620255
completo_ferret_4.json SVR 128 1.6027920610296795 0.02890305082136606
completo_ferret_4.json Tree 8 75.05909980866574 0.1900722610390356
completo_ferret_4.json Tree 16 36.33613917610417 0.06333520783352137
completo_ferret_4.json Tree 32 16.067596888563596 0.0579678209317546
completo_ferret_4.json Tree 64 1.8469167215434161 0.027071655448408706
completo_ferret_4.json Tree 128 0.11939383366522942 0.0048071786219032655
completo_ferret_4.json KNN 8 71.96974260891595 0.139181695286849
completo_ferret_4.json KNN 16 60.60689562324377 0.10953809765660463
completo_ferret_4.json KNN 32 44.58935328839339 0.07516937925653662
completo_ferret_4.json KNN completo_canneal_3.json Equation 8 11.852952449650981 0.1153466382106806
completo_canneal_3.json Equation 16 7.850801921844026 0.09175567017383109
completo_canneal_3.json Equation 32 15.284513597985725 0.09350423500048002
completo_canneal_3.json Equation 64 8.216612747304117 0.062425439878323115
completo_canneal_3.json Equation 128 8.220992182863878 0.060967715053588424
completo_canneal_3.json MLP 8 36.276896594897906 0.21799500612396586
completo_canneal_3.json MLP 16 34.98696997210563 0.21914974721051483
completo_canneal_3.json MLP 32 12.538362694301673 0.10171026303851956
completo_canneal_3.json MLP 64 8.454953814744758 0.0783334352958312
completo_canneal_3.json MLP 128 7.846820734220504 0.07220747174304101
completo_canneal_3.json SVR_gridsearch 8 12.20993476017342 0.10493986669390203
completo_canneal_3.json SVR_gridsearch 16 10.396233481719127 0.11670688329228564
completo_canneal_3.json SVR_gridsearch 32 9.745275163443061 0.07429854164198457
completo_canneal_3.json SVR_gridsearch 64 9.079890259513126 0.06831560792236697
completo_canneal_3.json SVR_gridsearch 128 9.258380441252468 0.06690060289596118
completo_canneal_3.json SVR 8 17.681060191303622 0.171279642433991
completo_canneal_3.json SVR 16 42.50422616832022 0.23419837774745444
completo_canneal_3.json SVR 32 27.7882837585142 0.14278492413017285
completo_canneal_3.json SVR 64 25.768144455697048 0.12835731277672435
completo_canneal_3.json SVR 128 23.25541534482805 0.10277533697998449
completo_canneal_3.json Tree 8 13.214164741873287 0.12490751558515205
completo_canneal_3.json Tree 16 43.934646011079856 0.19011002585941003
completo_canneal_3.json Tree 32 15.21912317796835 0.09782372526366694
completo_canneal_3.json Tree 64 8.730792795410778 0.0636797724709932
completo_canneal_3.json Tree 128 6.79870294789782 0.03894605832423576
completo_canneal_3.json KNN 8 14.913312932001697 0.1681941299752316
completo_canneal_3.json KNN 16 19.19588575058706 0.1988957419639505
completo_canneal_3.json KNN 32 12.9290050077631 0.14016305518800895
completo_canneal_3.json KNN 64 12.201038717485515 0.13383747519762418
completo_canneal_3.json KNN 128 11.071131168055462 0.11689974792852671
completo_rtview_2.json Equation 8 368.32877794135834 0.04607921976640005
completo_rtview_2.json Equation 16 45.75704200176982 0.023686885488092713
completo_rtview_2.json Equation 32 54.62467321222406 0.022815185089198716
completo_rtview_2.json Equation 64 46.389137195982805 0.02213203529274642
completo_rtview_2.json Equation 128 44.37003925895435 0.021822262093802346
completo_rtview_2.json MLP 8 7981.733433189624 0.10446483939860039
completo_rtview_2.json MLP 16 2119.6630577620354 0.0694172037331335
completo_rtview_2.json MLP 32 1388.3291766888588 0.05786887023935653
completo_rtview_2.json MLP 64 68.56599876905769 0.013070239783917033
completo_rtview_2.json MLP 128 60.75128319674352 0.028152455271336606
completo_rtview_2.json SVR_gridsearch 8 8186.3519455779415 0.20949802383266558
completo_rtview_2.json SVR_gridsearch 16 12550.787857578485 0.17227961626784677
completo_rtview_2.json SVR_gridsearch 32 12270.510527440498 0.14369927410870345
completo_rtview_2.json SVR_gridsearch 64 11443.86883385097 0.1313475360148659
completo_rtview_2.json SVR_gridsearch 128 10749.305459580602 0.12638190182094391
completo_rtview_2.json SVR 8 10022.388791565641 0.2829037175640815
completo_rtview_2.json SVR 16 6277.160553359942 0.17508171310396806
completo_rtview_2.json SVR 32 1269.5701318066385 0.039885353857514155
completo_rtview_2.json SVR 64 77.31916194298972 0.019264343042364115
completo_rtview_2.json SVR 128 50.55081818073009 0.011367743153855485
completo_rtview_2.json Tree 8 7694.715609264846 0.16921813156008306
completo_rtview_2.json Tree 16 9317.20331775996 0.19533638613040594
completo_rtview_2.json Tree 32 1077.4369162943185 0.07525942788270873
completo_rtview_2.json Tree 64 190.1628192578876 0.04351614920633125
completo_rtview_2.json Tree 128 77.45419218166988 0.026147649625859037
completo_rtview_2.json KNN 8 11491.030282269883 0.2569909910415494
completo_rtview_2.json KNN 16 8644.502685205338 0.1919419079814299
cocompleto_bodytrack_2.json Equation 8 85.04617236054013 0.15128235071539942
completo_bodytrack_2.json Equation 16 79.7674679700147 0.164503005067163
completo_bodytrack_2.json Equation 32 43.64589663891342 0.13534727633506274
completo_bodytrack_2.json Equation 64 41.60939543382586 0.13911943768901
completo_bodytrack_2.json Equation 128 43.543092287133035 0.1342927929032042
completo_bodytrack_2.json MLP 8 351.938669975049 0.2112325731110236
completo_bodytrack_2.json MLP 16 257.87344440283573 0.231341922380488
completo_bodytrack_2.json MLP 32 195.8960792397941 0.17997219246658377
completo_bodytrack_2.json MLP 64 58.353284179311366 0.14701149801545313
completo_bodytrack_2.json MLP 128 33.089743906277434 0.11893838754440365
completo_bodytrack_2.json SVR_gridsearch 8 543.2821619310574 0.33871564452977826
completo_bodytrack_2.json SVR_gridsearch 16 269.0570869813379 0.2409130993449702
completo_bodytrack_2.json SVR_gridsearch 32 505.21815235243025 0.2074164581240678
completo_bodytrack_2.json SVR_gridsearch 64 393.9185404076159 0.1885034676030003
completo_bodytrack_2.json SVR_gridsearch 128 379.0890206731016 0.17909950576738273
completo_bodytrack_2.json SVR 8 488.7327598173704 0.3191447613769772
completo_bodytrack_2.json SVR 16 449.7026541309607 0.31978426797410053
completo_bodytrack_2.json SVR 32 232.51981454988433 0.23373089521978002
completo_bodytrack_2.json SVR 64 100.24941514269685 0.16192862768494778
completo_bodytrack_2.json SVR 128 47.39912044589383 0.11950050136574342
completo_bodytrack_2.json Tree 8 339.658881512009 0.22878441805020663
completo_bodytrack_2.json Tree 16 370.4314546961942 0.23389933806656701
completo_bodytrack_2.json Tree 32 147.3263377324501 0.18162661097414431
completo_bodytrack_2.json Tree 64 50.40330652000263 0.1116570852600744
completo_bodytrack_2.json Tree 128 27.305794679323714 0.07578111112844957
completo_bodytrack_2.json KNN 8 549.4265794056339 0.3275538280987435
completo_bodytrack_2.json KNN 16 432.19399375383426 0.296575453705565
completo_bodytrack_2.json KNN 32 288.6278093986173 0.2528394584555842
completo_bodytrack_2.json KNN 64 119.40706953694111 0.20986295001389543
completo_bodytrack_2.json KNN 128 73.0996201802075 0.16172915486036404
completo_black_2.json Equation 8 3.745345858127271 0.07473962889936905
completo_black_2.json Equation 16 0.6351325858786142 0.050079718169295385
completo_black_2.json Equation 32 0.352779925541661 0.03942680642149854
completo_black_2.json Equation 64 0.2631181068519265 0.04056340052929762
completo_black_2.json Equation 128 0.25530052440893675 0.038073053225958206
completo_black_2.json MLP 8 27.022550076360126 0.11965436720232148
completo_black_2.json MLP 16 24.26631197524116 0.14512149946791725
completo_black_2.json MLP 32 0.7145886565659655 0.04911960313067121
completo_black_2.json MLP 64 0.7229465525883402 0.045691653615346176
completo_black_2.json MLP 128 0.08818943587652958 0.03332454330614972
completo_black_2.json SVR_gridsearch 8 49.33074250733157 0.23972590988108075
completo_black_2.json SVR_gridsearch 16 46.92058386886609 0.18549328647720345
completo_black_2.json SVR_gridsearch 32 44.11480137947959 0.1575506787751857
completo_black_2.json SVR_gridsearch 64 40.92886849843259 0.14661381283545585
completo_black_2.json SVR_gridsearch 128 47.76252849419283 0.17971247353929795
completo_black_2.json SVR 8 41.66943230028095 0.29391047873920306
completo_black_2.json SVR 16 25.62462126319598 0.1850723468248919
completo_black_2.json SVR 32 5.097468964695955 0.0724911167921603
completo_black_2.json SVR 64 0.8005665300480943 0.07477791652623218
completo_black_2.json SVR 128 0.1691679893808182 0.04648347770079188
completo_black_2.json Tree 8 34.136862723549775 0.18906693808421157
completo_black_2.json Tree 16 33.2323911527279 0.16662723130870216
completo_black_2.json Tree 32 4.376958656615876 0.09560065184907914
completo_black_2.json Tree 64 0.8634789026927544 0.055748903994362796
completo_black_2.json Tree 128 0.27348032515470805 0.02783076082430977
completo_black_2.json KNN 8 45.323512444879995 0.2533652473106797
completo_black_2.json KNN 16 34.59876669851542 0.196completo_vips_3.json Equation 8 2.3288014951324314 0.12128742756818808
completo_vips_3.json Equation 16 2.3771178181915116 0.11469780673974082
completo_vips_3.json Equation 32 1.8885115963022918 0.14908339853437685
completo_vips_3.json Equation 64 1.9233097172892184 0.1415719705844868
completo_vips_3.json Equation 128 2.0510409655307438 0.1268249735808278
completo_vips_3.json MLP 8 45.671623662973346 0.17940564343874038
completo_vips_3.json MLP 16 41.889391500750556 0.18167137484897208
completo_vips_3.json MLP 32 17.440594742829433 0.17866762887190468
completo_vips_3.json MLP 64 1.3745137265426302 0.11329925503031898
completo_vips_3.json MLP 128 0.5918271317239071 0.08833994941816879
completo_vips_3.json SVR_gridsearch 8 78.108324104883 0.29164118826234275
completo_vips_3.json SVR_gridsearch 16 76.425557009806 0.2610961910647289
completo_vips_3.json SVR_gridsearch 32 29.4282440196051 0.1845988247484355
completo_vips_3.json SVR_gridsearch 64 65.39697276614946 0.23766845606321566
completo_vips_3.json SVR_gridsearch 128 60.495311937219945 0.22008730963351336
completo_vips_3.json SVR 8 53.00728437495133 0.36811480983654776
completo_vips_3.json SVR 16 45.692025637113716 0.20859061853903166
completo_vips_3.json SVR 32 12.360100240150274 0.2800788431987561
completo_vips_3.json SVR 64 2.5253923409899905 0.17606637752537418
completo_vips_3.json SVR 128 2.533491545443112 0.14246701563565167
completo_vips_3.json Tree 8 36.40514586817264 0.2203365241048546
completo_vips_3.json Tree 16 55.067329818217225 0.2311656602630659
completo_vips_3.json Tree 32 5.677031595562154 0.10765042680098208
completo_vips_3.json Tree 64 1.4094536817136154 0.09687895862847888
completo_vips_3.json Tree 128 0.7371017362588269 0.055856559244169476
completo_vips_3.json KNN 8 66.02060163582847 0.29938205752712677
completo_vips_3.json KNN 16 50.19984292366948 0.21926702853654298
completo_vips_3.json KNN 32 31.163896494142886 0.26031350644505546
completo_vips_3.json KNN 64 6.546755856179567 0.20046876613644105
completo_vips_3.json KNN 128 3.2448957198028894 0.15376550628129637
completo_canneal_2.json Equation 8 0.6339595925509269 0.03626203933100318
completo_canneal_2.json Equation 16 0.6132773041905649 0.03591966851683607
completo_canneal_2.json Equation 32 0.47389139283197906 0.03574004536360778
completo_canneal_2.json Equation 64 0.44941196817749884 0.03533223020480615
completo_canneal_2.json Equation 128 0.450311986493377 0.03536320701645002
completo_canneal_2.json MLP 8 1.4197923626518236 0.038756362887261135
completo_canneal_2.json MLP 16 1.2999818184486356 0.03551808286631726
completo_canneal_2.json MLP 32 0.8037633600722631 0.0324733781437798
completo_canneal_2.json MLP 64 0.22274540588587718 0.019535646282728247
completo_canneal_2.json MLP 128 0.19100049467075653 0.018400909227643245
completo_canneal_2.json SVR_gridsearch 8 1.3658107875768082 0.03762501621567587
completo_canneal_2.json SVR_gridsearch 16 1.6760768095992762 0.04493961942491103
completo_canneal_2.json SVR_gridsearch 32 1.3905883241536794 0.04327905607433099
completo_canneal_2.json SVR_gridsearch 64 0.8586298846309856 0.033841247786389535
completo_canneal_2.json SVR_gridsearch 128 0.9711309820935609 0.03444005005477673
completo_canneal_2.json SVR 8 8.009466058757159 0.12760875671644645
completo_canneal_2.json SVR 16 8.13146571114387 0.1331991482235701
completo_canneal_2.json SVR 32 1.420016894959319 0.04244202527316567
completo_canneal_2.json SVR 64 0.565881291116769 0.022468461591314954
completo_canneal_2.json SVR 128 0.18880390788155033 0.01262169744515692
completo_canneal_2.json Tree 8 2.268850776257849 0.05165729346748582
completo_canneal_2.json Tree 16 1.2199194385312453 0.038878634068466526
completo_canneal_2.json Tree 32 1.1941195735245285 0.034904513727892786
completo_canneal_2.json Tree 64 0.3263696086299965 0.015465451369359572
completo_canneal_2.json Tree 128 0.12115248215272091 0.004512499507610612
completo_canneal_2.json KNN 8 6.884871911582506 0.12241625150710306
completo_canneal_2.json KNN 16 6.95376119989727 0.12126701857502069
completo_canneal_2.json KNN 32 5.2904908455584completo_fluid_3.json Equation 8 83.92434939453457 9.633425810148067
completo_fluid_3.json Equation 16 84.18776092680378 3.1654924187630598
completo_fluid_3.json Equation 32 88.58252587976658 2.748630851914254
completo_fluid_3.json Equation 64 60.57629372952895 3.4693043251004823
completo_fluid_3.json Equation 128 56.17163515281841 3.8945688692247855
completo_fluid_3.json MLP 8 796.9759841703175 11.885135689124255
completo_fluid_3.json MLP 16 906.6881941636977 7.8601483502271865
completo_fluid_3.json MLP 32 283.41218188790765 6.195188533442386
completo_fluid_3.json MLP 64 8.42808395823415 1.501747237622777
completo_fluid_3.json MLP 128 6.7026513594532044 1.356574842077911
completo_fluid_3.json SVR_gridsearch 8 992.7900867487735 11.596164106685743
completo_fluid_3.json SVR_gridsearch 16 1446.4931538286346 1.3728718728705693
completo_fluid_3.json SVR_gridsearch 32 1371.2416032930155 1.6103351185395676
completo_fluid_3.json SVR_gridsearch 64 1465.2725678543927 0.6480928048666209
completo_fluid_3.json SVR_gridsearch 128 1459.7705885367054 0.7296930604099565
completo_fluid_3.json SVR 8 713.9501748083093 12.803715760866936
completo_fluid_3.json SVR 16 593.3013909889581 2.715371560164491
completo_fluid_3.json SVR 32 99.41342037378395 1.0891731846372785
completo_fluid_3.json SVR 64 0.8118481694825135 0.6431001617409481
completo_fluid_3.json SVR 128 0.35142008732519114 0.3217802359498881
completo_fluid_3.json Tree 8 799.9679668110335 11.107809933910925
completo_fluid_3.json Tree 16 633.0147599303596 2.1121490623612607
completo_fluid_3.json Tree 32 79.6036291148387 0.7880826154175776
completo_fluid_3.json Tree 64 6.567489670388693 0.06543074761545045
completo_fluid_3.json Tree 128 3.784460486980217 0.007253219503400992
completo_fluid_3.json KNN 8 957.7183870199166 13.500414905520737
completo_fluid_3.json KNN 16 747.6949330125486 6.888844689413991
completo_fluid_3.json KNN 32 376.03827375420803 5.687448008281836
completo_fluid_3.json KNN 64 66.83496495129866 2.491166294823028
completo_fluid_3.json KNN 128 14.998347453945309 0.31068059230745976
completo_rtview_3.json Equation 8 4100.750503009195 0.14036665628113895
completo_rtview_3.json Equation 16 2154.26223730064 0.03611332235987788
completo_rtview_3.json Equation 32 2157.447624652054 0.03323512153925389
completo_rtview_3.json Equation 64 2261.432991169304 0.029965998453624007
completo_rtview_3.json Equation 128 2265.0637359444454 0.02993537389231116
completo_rtview_3.json MLP 8 21467.859057590405 0.16954519675457924
completo_rtview_3.json MLP 16 20168.59309665965 0.1263983357651528
completo_rtview_3.json MLP 32 8237.639941233861 0.05295333302658856
completo_rtview_3.json MLP 64 1925.315239421061 0.018077909782017804
completo_rtview_3.json MLP 128 10.269822360366524 0.01095498932682595
completo_rtview_3.json SVR_gridsearch 8 35705.49777168762 0.251579208763228
completo_rtview_3.json SVR_gridsearch 16 34315.39772919426 0.20438445360956128
completo_rtview_3.json SVR_gridsearch 32 33438.6827684262 0.19335379856252152
completo_rtview_3.json SVR_gridsearch 64 32426.140259972897 0.15148346798671625
completo_rtview_3.json SVR_gridsearch 128 30668.637601018323 0.14162671019767759
completo_rtview_3.json SVR 8 20738.15563923416 0.34248287590795096
completo_rtview_3.json SVR 16 27477.575509780752 0.17581356765208103
completo_rtview_3.json SVR 32 4394.741323489801 0.047742530700577566
completo_rtview_3.json SVR 64 1701.015047231828 0.015436250813649934
completo_rtview_3.json SVR 128 1496.8135868105792 0.011644914788561245
completo_rtview_3.json Tree 8 12208.153357176181 0.1429576222261386
completo_rtview_3.json Tree 16 14681.452729433557 0.11168620603154927
completo_rtview_3.json Tree 32 3507.712377027533 0.06806910243536159
completo_rtview_3.json Tree 64 1796.9685294068083 0.028199133066262025
completo_rtview_3.json Tree 128 174.41859223259803 0.005256382927150989
completo_rtview_3.json KNN 8 28997.08177455105 0.2953989915912797
completo_rtview_3.json KNN 16 22612.61099476304 0.17198407452290543
completo_rtview_3.json KNN 32 14172.336298836837 0.13108018672018507
completo_rtview_3.json KNN completo_black_3.json Equation 8 55.657055205118176 0.07369891163218024
completo_black_3.json Equation 16 2.870481486654639 0.03144547292044475
completo_black_3.json Equation 32 3.4808315573597457 0.037105566482964945
completo_black_3.json Equation 64 2.8960061429221846 0.030644770575898952
completo_black_3.json Equation 128 2.8601522901053458 0.030513107739402152
completo_black_3.json MLP 8 412.48317019750897 0.15488324029503125
completo_black_3.json MLP 16 191.7641256308311 0.11959912137294966
completo_black_3.json MLP 32 14.228048852809287 0.08963095097292144
completo_black_3.json MLP 64 4.12395750942112 0.030461440854710906
completo_black_3.json MLP 128 0.704697887199035 0.0241481281505608
completo_black_3.json SVR_gridsearch 8 734.3309360769705 0.26475981020978917
completo_black_3.json SVR_gridsearch 16 696.4222290198843 0.20179641615443725
completo_black_3.json SVR_gridsearch 32 624.1379917327719 0.16743416112476275
completo_black_3.json SVR_gridsearch 64 728.0163973110781 0.18333820066556555
completo_black_3.json SVR_gridsearch 128 677.2720668001293 0.16885360221697446
completo_black_3.json SVR 8 599.7044814014226 0.3900564649941382
completo_black_3.json SVR 16 376.1851115370991 0.1887815638273349
completo_black_3.json SVR 32 76.43412014945666 0.07546093596759562
completo_black_3.json SVR 64 4.099831630505684 0.037952315808257996
completo_black_3.json SVR 128 2.0139411135467715 0.02869532821747137
completo_black_3.json Tree 8 521.1427403748045 0.20035280957928112
completo_black_3.json Tree 16 537.827087412252 0.2187555452632377
completo_black_3.json Tree 32 60.509242222922126 0.09341117757729521
completo_black_3.json Tree 64 11.320285158904511 0.06128190061919658
completo_black_3.json Tree 128 4.333226858101896 0.03353580267702888
completo_black_3.json KNN 8 674.2698095331524 0.3102290459886902
completo_black_3.json KNN 16 507.1318268013551 0.20056057194115526
completo_black_3.json KNN 32 275.8298403850658 0.15826566464228697
completo_black_3.json KNN 64 63.33623145471129 0.12446691188894489
completo_black_3.json KNN 128 18.398416718743263 0.07868956571037466
completo_black_5.json Equation 8 33.69259613436607 0.019130238208764784
completo_black_5.json Equation 16 28.839747119186 0.01870037023826502
completo_black_5.json Equation 32 14.802415028686088 0.017226617828242835
completo_black_5.json Equation 64 6.831635162361928 0.016055361242977156
completo_black_5.json Equation 128 6.935428898725355 0.016099618217629313
completo_black_5.json MLP 8 3678.7210775469425 0.08331083093126736
completo_black_5.json MLP 16 2618.566445279428 0.1447795961656927
completo_black_5.json MLP 32 805.1290944509159 0.028489927994280444
completo_black_5.json MLP 64 27.112943663223298 0.010512668280756069
completo_black_5.json MLP 128 0.1917200364104196 0.006078807033058339
completo_black_5.json SVR_gridsearch 8 8553.417109057522 0.2572573123255418
completo_black_5.json SVR_gridsearch 16 8410.492341081423 0.24043103486173056
completo_black_5.json SVR_gridsearch 32 8125.579109786075 0.16638114565122714
completo_black_5.json SVR_gridsearch 64 7548.525679652106 0.15540552173659058
completo_black_5.json SVR_gridsearch 128 6950.920880000448 0.15533412209034436
completo_black_5.json SVR 8 5779.181495426186 0.4090900264016953
completo_black_5.json SVR 16 4815.401049515899 0.1694652418548388
completo_black_5.json SVR 32 786.0455085386357 0.05000909503586495
completo_black_5.json SVR 64 10.483726609407269 0.02168866430197621
completo_black_5.json SVR 128 0.9003280684665512 0.007200823694768728
completo_black_5.json Tree 8 3748.1324450730103 0.15952173783274887
completo_black_5.json Tree 16 5687.813603640717 0.1591257818758752
completo_black_5.json Tree 32 585.3395183728867 0.07163390705088894
completo_black_5.json Tree 64 70.13216440761848 0.03096081899705695
completo_black_5.json Tree 128 41.12590711366682 0.0061430957289163295
completo_black_5.json KNN 8 7406.127336460348 0.3318065750653454
completo_black_5.json KNN 16 5587.686348580439 0.18508173528945027
completo_black_5.json KNN 32 3066.471956226364 0.1422491543477491
completo_black_5.json KNN