data/completo_freq.json
data/completo_freq.json
data/completo_freq.json
data/completo_freq.json
data/completo_freq.json
data/completo_freq.json
data/completo_freq.json
data/completo_freq.json
data/completo_freq.json
data/completo_freq.json
data/completo_freq.json
data/completo_freq.json
data/completo_freq.json
data/completo_freq.json
data/completo_freq.json
data/completo_freq.json
data/completo_freq.json
data/completo_freq.json
data/completo_freq.json
data/completo_freq.json
data/completo_freq.json
data/completo_freq.json
data/completo_freq.json
data/completo_freq.json
data/completo_freq.json
data/completo_freq.json
data/completo_freq.json
data/completo_freq.json
data/completo_freq.json
data/completo_freq.json
completo_dedup_1.json Equation 8 0.23330079339292756 0.09607093569197078
completo_dedup_1.json Equation 16 0.24832700594940732 0.09383420093709834
completo_dedup_1.json Equation 32 0.18310902828265985 0.09026430359355142
completo_dedup_1.json Equation 64 0.16091431444648543 0.08347731472005371
data/completo_dedup_1.json
completo_dedup_1.json MLP 8 1.4573258737879558 0.1470821817196875
completo_dedup_1.json MLP 16 1.4067713188529838 0.2111169540563754
completo_dedup_1.json MLP 32 0.5782457043211303 0.11870612766064256
completo_dedup_1.json MLP 64 0.1362189941127033 0.0761091462775147
data/completo_dedup_1.json
completo_dedup_1.json SVR_gridsearch 8 3.1824454164493217 0.1466004612347813
completo_dedup_1.json SVR_gridsearch 16 2.114103439564027 0.21415928218235816
completo_dedup_1.json SVR_gridsearch 32 2.4241347037432535 0.18792176361947988
completo_dedup_1.json SVR_gridsearch 64 0.42200464931905896 0.09824037938649732
data/completo_dedup_1.json
completo_dedup_1.json SVR 8 3.321430544340529 0.1972013509902436
completo_dedup_1.json SVR 16 1.8694100069604922 0.12458692792980686
completo_dedup_1.json SVR 32 0.2994304385707692 0.08300112869126937
completo_dedup_1.json SVR 64 1.0771562278579128 0.10732311759680933
data/completo_dedup_1.json
completo_dedup_1.json Tree 8 1.6684909130331067 0.15635908322718786
completo_dedup_1.json Tree 16 0.824489054406898 0.14124218275647119
completo_dedup_1.json Tree 32 1.3851054459595287 0.11364318002498329
completo_dedup_1.json Tree 64 0.1697763756004389 0.043963700821309286
data/completo_dedup_1.json
completo_dedup_1.json KNN 8 2.7111409564650812 0.24159347380532478
completo_dedup_1.json KNN 16 2.298664520660176 0.15655589885824464
completo_dedup_1.json KNN 32 0.9998132701969377 0.14316831394496365
completo_dedup_1.json KNN 64 0.586412448715025 0.11840503843284385
data/completo_dedup_1.json
completo_x264_2.json Equation 8 1.1503133456282704 0.26531246648139223
completo_x264_2.json Equation 16 4.97077886806725 0.12707577967792352
completo_x264_2.json Equation 32 3.1085143460406877 0.13702312321349563
completo_x264_2.json Equation 64 0.9857187689525778 0.25080957262740355
data/completo_x264_2.json
completo_x264_2.json MLP 8 15.887975821437868 0.16315434795768255
completo_x264_2.json MLP 16 9.173293470387085 0.47105882438503877
completo_x264_2.json MLP 32 3.470400276622491 0.10887938453601352
completo_x264_2.json MLP 64 0.0785353319555554 0.05643977081284733
data/completo_x264_2.json
completo_x264_2.json SVR_gridsearch 8 24.20657476055193 0.2936868843694385
completo_x264_2.json SVR_gridsearch 16 23.929685239599642 0.23511722221793757
completo_x264_2.json SVR_gridsearch 32 17.484158849648214 0.2527725088098007
completo_x264_2.json SVR_gridsearch 64 2.022138970172218 0.16404078386040155
data/completo_x264_2.json
completo_x264_2.json SVR 8 29.24764805517961 0.26835730740897146
completo_x264_2.json SVR 16 17.46918034380203 0.39423335126728715
completo_x264_2.json SVR 32 1.568236906294248 0.15912361393245752
completo_x264_2.json SVR 64 0.406639985310484 0.08516922487980833
data/completo_x264_2.json
completo_x264_2.json Tree 8 15.57577248389308 0.23254271803751767
completo_x264_2.json Tree 16 2.8228494677322473 0.18886143624608984
completo_x264_2.json Tree 32 14.071841212853933 0.12023117722353896
completo_x264_2.json Tree 64 1.0824124951251823 0.05967601374263881
data/completo_x264_2.json
compcompleto_xhpl_2.json Equation 8 0.8079417950660728 0.11705316397531186
completo_xhpl_2.json Equation 16 0.7165419743943541 0.08659806804541476
completo_xhpl_2.json Equation 32 0.3037517981642314 0.07564871982192081
completo_xhpl_2.json Equation 64 0.3201863725553061 0.06819378472434677
data/completo_xhpl_2.json
completo_xhpl_2.json MLP 8 3.7807647156493553 0.18528079949957352
completo_xhpl_2.json MLP 16 1.7900799252050688 0.1535136463355758
completo_xhpl_2.json MLP 32 0.32564901837315974 0.06144326641135059
completo_xhpl_2.json MLP 64 0.13886762871984049 0.05024806712840883
data/completo_xhpl_2.json
completo_xhpl_2.json SVR_gridsearch 8 1.9402967759136844 0.12228272199551878
completo_xhpl_2.json SVR_gridsearch 16 1.7056247007154586 0.17235495135780668
completo_xhpl_2.json SVR_gridsearch 32 1.5685633138274304 0.09590272948472474
completo_xhpl_2.json SVR_gridsearch 64 0.2424091661845705 0.058376242140131075
data/completo_xhpl_2.json
completo_xhpl_2.json SVR 8 0.9648225638617132 0.1675570862019287
completo_xhpl_2.json SVR 16 1.0279451949002967 0.11680358607045369
completo_xhpl_2.json SVR 32 0.36613123163789096 0.10018913376530202
completo_xhpl_2.json SVR 64 0.1505391263214252 0.046656931897197815
data/completo_xhpl_2.json
completo_xhpl_2.json Tree 8 1.9250213778028857 0.16473653991722895
completo_xhpl_2.json Tree 16 0.8963165594177755 0.08675485812686003
completo_xhpl_2.json Tree 32 0.22181893779414938 0.062023633142591635
completo_xhpl_2.json Tree 64 0.33585762859406 0.036206574405429424
data/completo_xhpl_2.json
completo_xhpl_2.json KNN 8 2.0838902917221205 0.12265988079065208
completo_xhpl_2.json KNN 16 2.8974023200934726 0.12507975138496735
completo_xhpl_2.json KNN 32 0.49361862888004 0.08129451177262158
completo_xhpl_2.json KNN 64 0.4255084704601562 0.0674665816857548
data/completo_xhpl_2.json
completo_canneal_2.json Equation 8 0.7480181867332012 0.04121100298349742
completo_canneal_2.json Equation 16 0.7794084969661558 0.04283350862313466
completo_canneal_2.json Equation 32 0.46974982489576983 0.034023239681508326
completo_canneal_2.json Equation 64 0.4557278306634744 0.03521479962344039
data/completo_canneal_2.json
completo_canneal_2.json MLP 8 1.591369651751866 0.05580969670886939
completo_canneal_2.json MLP 16 0.6347897403981094 0.033022424933140074
completo_canneal_2.json MLP 32 0.9339459844297968 0.031775580606194564
completo_canneal_2.json MLP 64 0.09893962659552642 0.012677292713277942
data/completo_canneal_2.json
completo_canneal_2.json SVR_gridsearch 8 3.4326553680200194 0.07110992299152692
completo_canneal_2.json SVR_gridsearch 16 1.0112948289040187 0.035489586615733204
completo_canneal_2.json SVR_gridsearch 32 0.8539994822051262 0.03278303612848152
completo_canneal_2.json SVR_gridsearch 64 0.23317769250197296 0.019252318473873726
data/completo_canneal_2.json
completo_canneal_2.json SVR 8 6.924023981048777 0.1258762285181365
completo_canneal_2.json SVR 16 4.6038083315947835 0.09934200542318986
completo_canneal_2.json SVR 32 1.8686604573358814 0.04957870645034623
completo_canneal_2.json SVR 64 0.5247170477156973 0.021804672510803477
data/completo_canneal_2.json
completo_canneal_2.json Tree 8 2.494489153934556 0.062118226358409696
completo_canneal_2.json Tree 16 1.5695338567771742 0.0507688185915329
completo_canneal_2.json Tree 32 0.9241086982552393 0.030528461178491232
completo_canneal_2.json Tree 64 0.2873373413438669 0.0142230477176061
data/completo_canneal_2.json
completo_canneal_2.json KNN 8 6.701977055744374 0.1208413743843908
completo_canneal_2.json KNN 16 5.1119859564056815 0.10896670994497905
completo_canneal_2.json KNN 32 4.169569725854769 0.1006017131866024
completo_canneal_2.json KNN 64 3.62552307255098 0.09570578764001132
data/completo_canneal_2.json
completo_dedup_2.json Equation 8 0.14842211581407555 0.08216372216990661
completo_dedup_2.json Equation 16 0.16055684509982354 0.08300372738815244
completo_dedup_2.json Equation 32 0.1437489304499514 0.08091784717614174
completo_dedup_2.json Equation 64 0.13779444976660665 0.07821856156339012
data/completo_dedup_2.json
completo_dedup_2.json MLP 8 1.66completo_x264_1.json Equation 8 4.673463622730016 0.12213584203775796
completo_x264_1.json Equation 16 4.390186184781233 0.11780101907253854
completo_x264_1.json Equation 32 2.996614976674708 0.13347858955702574
completo_x264_1.json Equation 64 1.19137102084879 0.26306620944398823
data/completo_x264_1.json
completo_x264_1.json MLP 8 15.933879749970906 0.22725755665098135
completo_x264_1.json MLP 16 8.974417179480499 0.4073406790361507
completo_x264_1.json MLP 32 4.04555363669339 0.15761706350164487
completo_x264_1.json MLP 64 0.10959818040080666 0.07424634062757747
data/completo_x264_1.json
completo_x264_1.json SVR_gridsearch 8 22.860010948517534 0.29764138173259874
completo_x264_1.json SVR_gridsearch 16 22.589376964218054 0.2170579761289011
completo_x264_1.json SVR_gridsearch 32 16.72037884458523 0.24203616782313295
completo_x264_1.json SVR_gridsearch 64 2.5545523932208622 0.19017609682367131
data/completo_x264_1.json
completo_x264_1.json SVR 8 27.628355624896496 0.26379625352565367
completo_x264_1.json SVR 16 17.202976901326316 0.394290102969823
completo_x264_1.json SVR 32 0.9495054459351319 0.18602906231719232
completo_x264_1.json SVR 64 0.16868204123544664 0.08562811502542693
data/completo_x264_1.json
completo_x264_1.json Tree 8 14.758031643340587 0.21306954619743534
completo_x264_1.json Tree 16 3.0217488095249943 0.18161157807211914
completo_x264_1.json Tree 32 13.447259547403837 0.12378941462097737
completo_x264_1.json Tree 64 0.14035302825793677 0.0461186767322212
data/completo_x264_1.json
completo_x264_1.json KNN 8 18.711048133425024 0.5030715384839876
completo_x264_1.json KNN 16 15.913389492750175 0.21422869524421667
completo_x264_1.json KNN 32 8.17577774869385 0.2564636406529195
completo_x264_1.json KNN 64 4.440711954093785 0.14258397926674335
data/completo_x264_1.json
completo_canneal_4.json Equation 8 7.719456676306933 0.07751075003161757
completo_canneal_4.json Equation 16 8.029868814121475 0.07847597323292951
completo_canneal_4.json Equation 32 2.5507746413648973 0.05809010696353418
completo_canneal_4.json Equation 64 2.553465399177774 0.054413637650480434
data/completo_canneal_4.json
completo_canneal_4.json MLP 8 33.452852967572014 0.21163871065135498
completo_canneal_4.json MLP 16 3.266582369303719 0.06459749079192198
completo_canneal_4.json MLP 32 1.8964892806064213 0.05089665978109374
completo_canneal_4.json MLP 64 2.0693155685565285 0.05103180471465063
data/completo_canneal_4.json
completo_canneal_4.json SVR_gridsearch 8 3.3780336912728726 0.0701334730761241
completo_canneal_4.json SVR_gridsearch 16 3.3698677678368667 0.06668373732632767
completo_canneal_4.json SVR_gridsearch 32 2.704101655551557 0.05476656670399975
completo_canneal_4.json SVR_gridsearch 64 2.4898094997258684 0.05347392682378792
data/completo_canneal_4.json
completo_canneal_4.json SVR 8 5.416526149550315 0.08255076684829381
completo_canneal_4.json SVR 16 6.6715006387582285 0.07270485938582869
completo_canneal_4.json SVR 32 3.414498941433088 0.05715942874804942
completo_canneal_4.json SVR 64 40.102801324069965 0.09479547957315476
data/completo_canneal_4.json
completo_canneal_4.json Tree 8 3.0739718205501543 0.06142900431655631
completo_canneal_4.json Tree 16 3.861133433254272 0.06603989174669271
completo_canneal_4.json Tree 32 3.411266312887663 0.05714208716785871
completo_canneal_4.json Tree 64 1.8883081614474602 0.03591247485740007
data/completo_canneal_4.json
completo_canneal_4.json KNN 8 3.430724819176941 0.07154125615704365
completo_canneal_4.json KNN 16 3.2134557791409253 0.07001579334592958
completo_canneal_4.json KNN 32 3.019356223086827 0.0575053291955366
completo_canneal_4.json KNN 64 2.7765431345973166 0.05842683723223564
data/completo_canneal_4.json
completo_canneal_1.json Equation 8 0.9046727022830061 0.04340168134478826
completo_canneal_1.json Equation 16 1.1864591009850967 0.04546558102917335
completo_canneal_1.json Equation 32 0.4074201991778125 0.03219373064538964
completo_canneal_1.json Equation 64 0.40654507508742205 0.03201614593158044
data/completo_canneal_1.json
completo_canneal_1.json MLP 8 1.4245147127153444 0.04completo_vips_2.json Equation 8 0.4342826609399053 0.08893463753004546
completo_vips_2.json Equation 16 0.667645509562646 0.1032465512097182
completo_vips_2.json Equation 32 0.4236179451877591 0.08864227699767217
completo_vips_2.json Equation 64 0.4146502944797473 0.09438289114668444
data/completo_vips_2.json
completo_vips_2.json MLP 8 23.33050030280831 0.2523244243082629
completo_vips_2.json MLP 16 14.523995889962107 0.20391881483681756
completo_vips_2.json MLP 32 6.38305851157972 0.12352061187994107
completo_vips_2.json MLP 64 0.5495596558023768 0.08953792113777588
data/completo_vips_2.json
completo_vips_2.json SVR_gridsearch 8 57.9373300196533 0.2308555939739151
completo_vips_2.json SVR_gridsearch 16 70.28524692774424 0.23504209727247818
completo_vips_2.json SVR_gridsearch 32 16.935520114535855 0.20985329625634877
completo_vips_2.json SVR_gridsearch 64 5.4855282606105495 0.15388543332553714
data/completo_vips_2.json
completo_vips_2.json SVR 8 83.77918576265571 0.3161195985879656
completo_vips_2.json SVR 16 37.130780121970844 0.48801528980254655
completo_vips_2.json SVR 32 4.021139267833356 0.2007665344194969
completo_vips_2.json SVR 64 0.5161807419456226 0.08233148784857931
data/completo_vips_2.json
completo_vips_2.json Tree 8 27.68200431378502 0.195096817688709
completo_vips_2.json Tree 16 10.509994991481609 0.3087665112075955
completo_vips_2.json Tree 32 23.756005932828273 0.1572141577436974
completo_vips_2.json Tree 64 0.9158875742559252 0.053834230002077196
data/completo_vips_2.json
completo_vips_2.json KNN 8 51.045754851618355 0.34759404425126794
completo_vips_2.json KNN 16 40.75137807886985 0.2534796919193809
completo_vips_2.json KNN 32 15.31772345196966 0.21682406469463358
completo_vips_2.json KNN 64 8.001362063512568 0.1450306198333406
data/completo_vips_2.json
completo_dedup_4.json Equation 8 1.0984491307105866 0.11334105500310666
completo_dedup_4.json Equation 16 1.6230320145380652 0.12116451979899787
completo_dedup_4.json Equation 32 0.4665767148346161 0.09476872807724913
completo_dedup_4.json Equation 64 0.4650748943564708 0.09093896243579175
data/completo_dedup_4.json
completo_dedup_4.json MLP 8 3.537326834901752 0.15958534947540692
completo_dedup_4.json MLP 16 4.635496046843022 0.2305070483129432
completo_dedup_4.json MLP 32 0.554778524798259 0.0719058243569318
completo_dedup_4.json MLP 64 0.2738293525501604 0.0586734624795107
data/completo_dedup_4.json
completo_dedup_4.json SVR_gridsearch 8 2.553417421397083 0.11540728895552876
completo_dedup_4.json SVR_gridsearch 16 1.951307732776601 0.15950099694009345
completo_dedup_4.json SVR_gridsearch 32 2.0480204175542367 0.14787714426995321
completo_dedup_4.json SVR_gridsearch 64 0.48332190108265993 0.07200277284319757
data/completo_dedup_4.json
completo_dedup_4.json SVR 8 0.7072817121633465 0.08812511814861859
completo_dedup_4.json SVR 16 1.1138958000296595 0.10381848189921494
completo_dedup_4.json SVR 32 0.26588760360718583 0.06488622658531039
completo_dedup_4.json SVR 64 0.2833443854828931 0.05408396136622875
data/completo_dedup_4.json
completo_dedup_4.json Tree 8 1.1891218813008115 0.12719871738782745
completo_dedup_4.json Tree 16 2.3082269780388125 0.1266697870611684
completo_dedup_4.json Tree 32 0.35232485267912445 0.0592382903466865
completo_dedup_4.json Tree 64 0.15199409474846615 0.0307023549253208
data/completo_dedup_4.json
completo_dedup_4.json KNN 8 2.837925714475962 0.17960400231298243
completo_dedup_4.json KNN 16 2.636781790120944 0.10868756558225101
completo_dedup_4.json KNN 32 0.8015081396008644 0.07775335013311258
completo_dedup_4.json KNN 64 0.6904513766871055 0.06687574415081016
data/completo_dedup_4.json
completo_ferret_1.json Equation 8 0.29054069797011706 0.05144278940704657
completo_ferret_1.json Equation 16 0.12691007852544092 0.04910062139959032
completo_ferret_1.json Equation 32 0.11839043554974742 0.04979020028290728
completo_ferret_1.json Equation 64 0.09692309731740935 0.05287743521282882
data/completo_ferret_1.json
completo_ferret_1.json MLP 8 45.58361532291666 0.5995259295567398
completo_ferret_1.json MLP 16 16.741151262059336 0.16completo_ferret_2.json Equation 8 40.06516267348199 0.23949462677465846
completo_ferret_2.json Equation 16 36.21435009991869 0.29787178482752114
completo_ferret_2.json Equation 32 30.659786072470652 0.2912242632477502
completo_ferret_2.json Equation 64 32.276798890614714 0.2775189760832105
data/completo_ferret_2.json
completo_ferret_2.json MLP 8 83.76136519728381 0.48198027155862355
completo_ferret_2.json MLP 16 391.2197599654725 1.2337449610301583
completo_ferret_2.json MLP 32 60.200783926778605 0.43416384935464336
completo_ferret_2.json MLP 64 4.162367454823471 0.18416276291662836
data/completo_ferret_2.json
completo_ferret_2.json SVR_gridsearch 8 139.51571477262135 0.3741728689592994
completo_ferret_2.json SVR_gridsearch 16 100.48154039082239 0.3410897074735119
completo_ferret_2.json SVR_gridsearch 32 52.836038450797396 0.46562646931819796
completo_ferret_2.json SVR_gridsearch 64 18.085552174843144 0.20955274938066787
data/completo_ferret_2.json
completo_ferret_2.json SVR 8 189.2494355029297 0.5665150772017169
completo_ferret_2.json SVR 16 159.46270096079667 1.8260506784580892
completo_ferret_2.json SVR 32 56.8246174662376 0.5265733842326381
completo_ferret_2.json SVR 64 65.61674698342115 0.4157165083671131
data/completo_ferret_2.json
completo_ferret_2.json Tree 8 102.57469444862686 0.5726887171586187
completo_ferret_2.json Tree 16 61.73610793078754 0.4239228194552805
completo_ferret_2.json Tree 32 113.26111176003381 0.24667795454205374
completo_ferret_2.json Tree 64 6.881847507838673 0.07252605367653267
data/completo_ferret_2.json
completo_ferret_2.json KNN 8 112.5050922901051 0.6838585244563667
completo_ferret_2.json KNN 16 117.21483242090889 0.4105832021892486
completo_ferret_2.json KNN 32 57.781850774132344 0.4050225958133599
completo_ferret_2.json KNN 64 46.396809944905876 0.4869204046068692
data/completo_ferret_2.json
completo_vips_4.json Equation 8 7.952729295545977 0.08099773096255924
completo_vips_4.json Equation 16 7.585269722050415 0.07019334964694396
completo_vips_4.json Equation 32 2.173589953556625 0.07909028806458171
completo_vips_4.json Equation 64 2.1238378515082164 0.0709423286481274
data/completo_vips_4.json
completo_vips_4.json MLP 8 64.59588369086217 0.1870785043887385
completo_vips_4.json MLP 16 153.44016780501997 0.38478660257291813
completo_vips_4.json MLP 32 16.785889943262 0.1197872813919594
completo_vips_4.json MLP 64 1.2027733579465314 0.030285672806764818
data/completo_vips_4.json
completo_vips_4.json SVR_gridsearch 8 56.595980248648125 0.14203652544470052
completo_vips_4.json SVR_gridsearch 16 45.838164287698326 0.1760657223754198
completo_vips_4.json SVR_gridsearch 32 54.74089527142085 0.10736740734516166
completo_vips_4.json SVR_gridsearch 64 6.137706686368376 0.07665711022762862
data/completo_vips_4.json
completo_vips_4.json SVR 8 14.963987838778454 0.27539805223249897
completo_vips_4.json SVR 16 23.19739425059596 0.2134997000236005
completo_vips_4.json SVR 32 13.675376730457003 0.0797061554833767
completo_vips_4.json SVR 64 1.6667664266861968 0.05037969353468311
data/completo_vips_4.json
completo_vips_4.json Tree 8 34.894745605606516 0.41189163780897686
completo_vips_4.json Tree 16 25.515889255785368 0.12002409702394047
completo_vips_4.json Tree 32 4.466234192710921 0.05135280123533238
completo_vips_4.json Tree 64 2.4375869224566373 0.02655081306125494
data/completo_vips_4.json
completo_vips_4.json KNN 8 52.810552043906355 0.12189407038845353
completo_vips_4.json KNN 16 59.13013046645146 0.12192768760060849
completo_vips_4.json KNN 32 15.55652700334038 0.08700863718171468
completo_vips_4.json KNN 64 13.310345384410237 0.07987309070629894
data/completo_vips_4.json
completo_vips_1.json Equation 8 0.9870942491891472 0.10557897906202965
completo_vips_1.json Equation 16 0.5814605327093995 0.0940352036281829
completo_vips_1.json Equation 32 0.4107264847556308 0.10294970367056551
completo_vips_1.json Equation 64 0.3871603902897395 0.0988051992983711
data/completo_vips_1.json
completo_vips_1.json MLP 8 24.78020539797074 0.3513210034738199
completo_vips_1.json MLP 16 13.618900441818344 0.21068completo_xhpl.json Equation 8 11.09593100494802 0.0602514473297024
completo_xhpl.json Equation 16 11.21330426101284 0.047476869918581514
completo_xhpl.json Equation 32 11.317637469459347 0.04481294636773578
completo_xhpl.json Equation 64 11.026983440469621 0.04566541804417582
data/completo_xhpl.json
completo_xhpl.json MLP 8 16.806283038346226 0.12720765812732868
completo_xhpl.json MLP 16 69.54673606383673 0.5903272712272103
completo_xhpl.json MLP 32 11.770140960081415 0.08202576036826352
completo_xhpl.json MLP 64 3.1258116946668766 0.0721038470039301
data/completo_xhpl.json
completo_xhpl.json SVR_gridsearch 8 18.169286323430846 0.12611492235836538
completo_xhpl.json SVR_gridsearch 16 15.30948307839437 0.14633047008933223
completo_xhpl.json SVR_gridsearch 32 16.29699985585258 0.08678661137877486
completo_xhpl.json SVR_gridsearch 64 9.161868368323335 0.07831981990863843
data/completo_xhpl.json
completo_xhpl.json SVR 8 19.82145522032457 0.1667052387468903
completo_xhpl.json SVR 16 16.39665999151224 0.13215893332766412
completo_xhpl.json SVR 32 12.358219549968783 0.0710910145645839
completo_xhpl.json SVR 64 11.809833285326278 0.041886221271893176
data/completo_xhpl.json
completo_xhpl.json Tree 8 16.55752231167216 0.10810440789533626
completo_xhpl.json Tree 16 14.0561461725489 0.07871967077322296
completo_xhpl.json Tree 32 15.442218155935889 0.06914084122123192
completo_xhpl.json Tree 64 0.05471469057354193 0.01846892006022944
data/completo_xhpl.json
completo_xhpl.json KNN 8 27.563336738471918 0.6386903693161033
completo_xhpl.json KNN 16 17.064546963902334 0.13320552071295363
completo_xhpl.json KNN 32 15.953692978767823 0.23305099053073292
completo_xhpl.json KNN 64 13.392289936689586 0.09794450510832409
data/completo_xhpl.json
completo_x264_4.json Equation 8 6.570610957210458 0.09132417804400475
completo_x264_4.json Equation 16 7.022806500872132 0.0887144140531577
completo_x264_4.json Equation 32 3.8736595707532597 0.1267441228966244
completo_x264_4.json Equation 64 6.678164851753749 0.0902818336747765
data/completo_x264_4.json
completo_x264_4.json MLP 8 75.6243982249715 0.1843452959844407
completo_x264_4.json MLP 16 314.8991795831371 0.7584082432702304
completo_x264_4.json MLP 32 2.706264857468789 0.06583328982499802
completo_x264_4.json MLP 64 5.927494868849656 0.043251979808521336
data/completo_x264_4.json
completo_x264_4.json SVR_gridsearch 8 74.54084304477105 0.1499466497736049
completo_x264_4.json SVR_gridsearch 16 73.54056161730887 0.22176971481365362
completo_x264_4.json SVR_gridsearch 32 60.06403602213413 0.13264330204587288
completo_x264_4.json SVR_gridsearch 64 9.673974971682462 0.08457982117133452
data/completo_x264_4.json
completo_x264_4.json SVR 8 23.51233147272831 0.44504673112357074
completo_x264_4.json SVR 16 20.212146872942036 0.19279619193237646
completo_x264_4.json SVR 32 3.9181985699736828 0.0910534938576997
completo_x264_4.json SVR 64 0.8303889725086698 0.03405164262451544
data/completo_x264_4.json
completo_x264_4.json Tree 8 58.04546327495539 0.6566871172728318
completo_x264_4.json Tree 16 39.92660898959948 0.11278567502948024
completo_x264_4.json Tree 32 2.5831316417971912 0.04474184428868764
completo_x264_4.json Tree 64 1.6977481433933546 0.022489609574002655
data/completo_x264_4.json
completo_x264_4.json KNN 8 72.28376360561576 0.15341976176202513
completo_x264_4.json KNN 16 87.71169257409281 0.1270684668961741
completo_x264_4.json KNN 32 22.05711319492197 0.08304156478174214
completo_x264_4.json KNN 64 18.75942045130563 0.08245265922280197
data/completo_x264_4.json
completo_fluid_4.json Equation 8 297.91740046843887 0.36500000045807307
completo_fluid_4.json Equation 16 60.614351431369414 0.07993120521953581
completo_fluid_4.json Equation 32 53.401120872916884 0.08021776002374245
data/completo_fluid_4.json
data/completo_fluid_4.json
completo_fluid_4.json MLP 8 158.8721532193774 0.24976303608669764
completo_fluid_4.json MLP 16 534.7840323969173 0.4675393777957711
completo_fluid_4.json MLP 32 30.40654991815211 0.030661150123096108
data/completo_fluid_4.json
data/completo_fluid_4.json
completo_fluid_4.jcompleto_ferret_4.json Equation 8 8.803813326198636 0.0750907482356047
completo_ferret_4.json Equation 16 9.973230805547782 0.07202850433173952
completo_ferret_4.json Equation 32 4.4688397201669074 0.0894719020379306
completo_ferret_4.json Equation 64 6.648213303102039 0.07153322829997782
data/completo_ferret_4.json
completo_ferret_4.json MLP 8 94.21094753812316 0.20617968506051712
completo_ferret_4.json MLP 16 106.10102730750266 0.2818294583539973
completo_ferret_4.json MLP 32 4.008619326517859 0.04771940924830549
completo_ferret_4.json MLP 64 13.154877131519292 0.054033453591107006
data/completo_ferret_4.json
completo_ferret_4.json SVR_gridsearch 8 75.9693933879866 0.15400200045952736
completo_ferret_4.json SVR_gridsearch 16 62.074219224223356 0.19697228916671078
completo_ferret_4.json SVR_gridsearch 32 63.629790426475495 0.1324421123388617
completo_ferret_4.json SVR_gridsearch 64 10.510608554039703 0.08394019257050131
data/completo_ferret_4.json
completo_ferret_4.json SVR 8 22.594816578083993 0.2960033626856974
completo_ferret_4.json SVR 16 34.46551723227316 0.2398930569074983
completo_ferret_4.json SVR 32 22.428286062023854 0.14156068372258046
completo_ferret_4.json SVR 64 3.6342798422326896 0.0639350177882363
data/completo_ferret_4.json
completo_ferret_4.json Tree 8 82.08415388724424 0.31154242624285566
completo_ferret_4.json Tree 16 56.60043310580898 0.0916017809480453
completo_ferret_4.json Tree 32 4.069691411090113 0.03863980489200914
completo_ferret_4.json Tree 64 3.64173225485268 0.03547328062066942
data/completo_ferret_4.json
completo_ferret_4.json KNN 8 72.93561210781043 0.11684117250116463
completo_ferret_4.json KNN 16 77.52619248728931 0.10943061655313627
completo_ferret_4.json KNN 32 25.832121169409 0.08590591140811064
completo_ferret_4.json KNN 64 23.564283415055854 0.09229602254491974
data/completo_ferret_4.json
completo_openmc_kernel_novo.json Equation 8 3.812114182330884 0.03738136063838343
completo_openmc_kernel_novo.json Equation 16 4.501418704393105 0.03667174228653589
completo_openmc_kernel_novo.json Equation 32 2.5092576634166717 0.04276754955170538
completo_openmc_kernel_novo.json Equation 64 1.1211683580616778 0.04895975872583966
data/completo_openmc_kernel_novo.json
completo_openmc_kernel_novo.json MLP 8 66.72074557700655 0.07443083804603248
completo_openmc_kernel_novo.json MLP 16 46.26881933780027 0.11331081275949101
completo_openmc_kernel_novo.json MLP 32 71.41870730602281 0.0839749159425304
completo_openmc_kernel_novo.json MLP 64 0.11459601288224153 0.019878373947808937
data/completo_openmc_kernel_novo.json
completo_openmc_kernel_novo.json SVR_gridsearch 8 260.53117631406786 0.32263441077717336
completo_openmc_kernel_novo.json SVR_gridsearch 16 243.82890716058958 0.19172112152085785
completo_openmc_kernel_novo.json SVR_gridsearch 32 109.12086166544945 0.1148465011980469
completo_openmc_kernel_novo.json SVR_gridsearch 64 16.873132799426863 0.07425144987164428
data/completo_openmc_kernel_novo.json
completo_openmc_kernel_novo.json SVR 8 410.8289723373514 0.32033663143692365
completo_openmc_kernel_novo.json SVR 16 153.48790372154275 0.5035838328598704
completo_openmc_kernel_novo.json SVR 32 17.911157399944187 0.1411520799768045
completo_openmc_kernel_novo.json SVR 64 0.8998805141957624 0.02226311833163559
data/completo_openmc_kernel_novo.json
completo_openmc_kernel_novo.json Tree 8 104.77021798831251 0.2119760498964896
completo_openmc_kernel_novo.json Tree 16 65.00013688464382 0.2381707368337734
completo_openmc_kernel_novo.json Tree 32 81.35078853217354 0.08970138758228402
completo_openmc_kernel_novo.json Tree 64 3.57027244796823 0.030922823586582396
data/completo_openmc_kernel_novo.json
completo_openmc_kernel_novo.json KNN 8 230.58043918885383 0.3215342509062289
completo_openmc_kernel_novo.json KNN 16 172.0474300774187 0.1886399689409869
completo_openmc_kernel_novo.json KNN 32 57.72532023872169 0.14638242082251793
completo_openmc_kernel_novo.json KNN 64 29.24739587096113 0.10360248131240471
data/completo_openmc_kernel_novo.json
completo_fluid_3.json Equation 8 121.637083453373 4.10470971589075
completo_swaptions_3.json Equation 8 249.3328196054638 0.18523820958602485
completo_swaptions_3.json Equation 16 177.46320784864398 0.16625024483727588
completo_swaptions_3.json Equation 32 34.26989535521543 0.1349934924204606
completo_swaptions_3.json Equation 64 33.78387289121088 0.12002963107037834
data/completo_swaptions_3.json
completo_swaptions_3.json MLP 8 648.7936814011889 0.23056935196850406
completo_swaptions_3.json MLP 16 1312.2807877430369 0.5556173348042611
completo_swaptions_3.json MLP 32 45.44154440785151 0.07796018660151724
completo_swaptions_3.json MLP 64 37.10668700991748 0.06159692833958514
data/completo_swaptions_3.json
completo_swaptions_3.json SVR_gridsearch 8 641.3904670163821 0.4628958312048033
completo_swaptions_3.json SVR_gridsearch 16 672.0611613772551 0.5274618115421655
completo_swaptions_3.json SVR_gridsearch 32 579.1082442146896 0.21188883955424057
completo_swaptions_3.json SVR_gridsearch 64 64.84075982861317 0.10971408576094743
data/completo_swaptions_3.json
completo_swaptions_3.json SVR 8 302.2904107102059 0.7293580703134789
completo_swaptions_3.json SVR 16 258.77636579201476 0.27722923519190906
completo_swaptions_3.json SVR 32 58.03818054554659 0.139152461181658
completo_swaptions_3.json SVR 64 61.33987785082625 0.1109556421101334
data/completo_swaptions_3.json
completo_swaptions_3.json Tree 8 366.4197056234814 0.4920727762037777
completo_swaptions_3.json Tree 16 324.5924663787322 0.20208295765843665
completo_swaptions_3.json Tree 32 44.028507777422156 0.04933998095652112
completo_swaptions_3.json Tree 64 102.74023075733854 0.03684334877192859
data/completo_swaptions_3.json
completo_swaptions_3.json KNN 8 831.1180714305007 0.4310067480752041
completo_swaptions_3.json KNN 16 899.8216446597256 0.20791179671657306
completo_swaptions_3.json KNN 32 148.95446304128893 0.12024958039334092
completo_swaptions_3.json KNN 64 143.29486689037606 0.08323339226959266
data/completo_swaptions_3.json
completo_swaptions_2.json Equation 8 10.818119754279808 0.1361441849355147
completo_swaptions_2.json Equation 16 5.64918447033065 0.10960709383214724
completo_swaptions_2.json Equation 32 5.322864261330998 0.11159151752486689
completo_swaptions_2.json Equation 64 3.297569256658722 0.10093396805453377
data/completo_swaptions_2.json
completo_swaptions_2.json MLP 8 222.17837677957453 0.1453741543731866
completo_swaptions_2.json MLP 16 177.36620464453424 0.17955845116404356
completo_swaptions_2.json MLP 32 116.46783042610754 0.10147493465051795
completo_swaptions_2.json MLP 64 1.3659547415927111 0.0241541936949237
data/completo_swaptions_2.json
completo_swaptions_2.json SVR_gridsearch 8 873.4551963078958 0.3306102027990647
completo_swaptions_2.json SVR_gridsearch 16 1216.7583647934391 0.3529412591492904
completo_swaptions_2.json SVR_gridsearch 32 388.5286582278459 0.1539526571705258
completo_swaptions_2.json SVR_gridsearch 64 95.03458890375552 0.12126055057614772
data/completo_swaptions_2.json
completo_swaptions_2.json SVR 8 1177.2859323350729 0.2895222760016018
completo_swaptions_2.json SVR 16 497.8461249981119 0.46200391480726255
completo_swaptions_2.json SVR 32 51.24901333079649 0.1891953157901122
completo_swaptions_2.json SVR 64 3.984585189243526 0.020717969645172536
data/completo_swaptions_2.json
completo_swaptions_2.json Tree 8 295.54631286492605 0.18184986130915143
completo_swaptions_2.json Tree 16 197.44892706881046 0.28534043059776415
completo_swaptions_2.json Tree 32 313.07075459697404 0.09433302035023036
completo_swaptions_2.json Tree 64 11.580197802072757 0.059771991569234066
data/completo_swaptions_2.json
completo_swaptions_2.json KNN 8 697.3778206134488 0.38919857046101686
completo_swaptions_2.json KNN 16 548.2758381881573 0.22453432994459965
completo_swaptions_2.json KNN 32 204.97533069882496 0.19795682751685262
completo_swaptions_2.json KNN 64 102.84027299945565 0.1218351006205007
data/completo_swaptions_2.json
completo_black_5.json Equation 8 7.464047075900587 0.015328393866858334
completo_black_5.json Equation 16 8.117117996169814 0.026688221410600718
completo_black_5.json Equation 32 11.60120964completo_fluid_2.json Equation 8 132.36089959871018 0.025509559407765888
completo_fluid_2.json Equation 16 119.34973624569494 0.027198265168889037
completo_fluid_2.json Equation 32 114.086945474747 0.025888070093900085
completo_fluid_2.json Equation 64 116.09019853667753 0.02388278210845169
data/completo_fluid_2.json
completo_fluid_2.json MLP 8 8864.043076478358 0.3827443842659821
completo_fluid_2.json MLP 16 2986.831994503281 0.13164037803349637
completo_fluid_2.json MLP 32 140.56798537979418 0.01722294724084136
completo_fluid_2.json MLP 64 109.63159072114532 0.009224498539089193
data/completo_fluid_2.json
completo_fluid_2.json SVR_gridsearch 8 20621.878580991466 0.9482259582253926
completo_fluid_2.json SVR_gridsearch 16 19431.289021916768 0.44753955487580743
completo_fluid_2.json SVR_gridsearch 32 9216.088377195138 0.30402842306903494
completo_fluid_2.json SVR_gridsearch 64 996.0563555336347 0.05651805387174255
data/completo_fluid_2.json
completo_fluid_2.json SVR 8 18731.09868457711 1.8784397578718997
completo_fluid_2.json SVR 16 1493.7440428743805 0.2495546340298222
completo_fluid_2.json SVR 32 137.72655728781717 0.021167199564538754
completo_fluid_2.json SVR 64 50.554290373315474 0.014234858457089473
data/completo_fluid_2.json
completo_fluid_2.json Tree 8 4256.618562150003 0.2094632603357954
completo_fluid_2.json Tree 16 514.3276128019605 0.1046897415902359
completo_fluid_2.json Tree 32 315.28645287859877 0.04278135777474455
completo_fluid_2.json Tree 64 193.14518056696718 0.010552970718098605
data/completo_fluid_2.json
completo_fluid_2.json KNN 8 21783.49549024011 0.477955658967851
completo_fluid_2.json KNN 16 6984.9386189667075 0.32233295520457755
completo_fluid_2.json KNN 32 1689.283841577831 0.14079505753755683
completo_fluid_2.json KNN 64 377.5623424008006 0.044100700004457635
data/completo_fluid_2.json
completo_bodytrack_3.json Equation 8 416.71683532138377 0.22234909277849432
completo_bodytrack_3.json Equation 16 498.73741855063923 0.2693513016581491
completo_bodytrack_3.json Equation 32 129.07428907066662 0.18209981129868183
completo_bodytrack_3.json Equation 64 127.68243498806741 0.1712751198986927
data/completo_bodytrack_3.json
completo_bodytrack_3.json MLP 8 946.6314872341022 0.5347470224152471
completo_bodytrack_3.json MLP 16 326.86872793975704 0.2497096084757093
completo_bodytrack_3.json MLP 32 254.59640390662307 0.22912992954456973
completo_bodytrack_3.json MLP 64 157.24328331068148 0.16626303459648656
data/completo_bodytrack_3.json
completo_bodytrack_3.json SVR_gridsearch 8 404.52098121214954 0.2433317697159068
completo_bodytrack_3.json SVR_gridsearch 16 414.9941418901421 0.3600143267330482
completo_bodytrack_3.json SVR_gridsearch 32 238.49646364650465 0.2233357395608114
completo_bodytrack_3.json SVR_gridsearch 64 196.52266403773106 0.18813392739725435
data/completo_bodytrack_3.json
completo_bodytrack_3.json SVR 8 287.96271910411565 0.3439849858639211
completo_bodytrack_3.json SVR 16 536.6792232422052 0.3900692937463339
completo_bodytrack_3.json SVR 32 209.75372313285385 0.24143163128467338
completo_bodytrack_3.json SVR 64 122.99579355186148 0.1597958441536645
data/completo_bodytrack_3.json
completo_bodytrack_3.json Tree 8 430.0872280536409 0.27303553106141387
completo_bodytrack_3.json Tree 16 386.95896365456395 0.36110141549966335
completo_bodytrack_3.json Tree 32 240.6980834382738 0.18446276654411878
completo_bodytrack_3.json Tree 64 159.54077199400697 0.11349432849640843
data/completo_bodytrack_3.json
completo_bodytrack_3.json KNN 8 404.24036365829863 0.29342462023270466
completo_bodytrack_3.json KNN 16 524.4087827711768 0.32837420303701537
completo_bodytrack_3.json KNN 32 208.53656910268955 0.1884521496032166
completo_bodytrack_3.json KNN 64 170.6130313151477 0.17832215629374534
data/completo_bodytrack_3.json
completo_rtview_3.json Equation 8 2396.104161660268 0.031013930059323968
completo_rtview_3.json Equation 16 2367.3959030825586 0.03629056625818883
completo_rtview_3.json Equation 32 2214.043378583437 0.031176911571968995
completo_rtview_3.json Equation 64 2316.2227004886786 0.02971134425203430completo_rtview_4.json Equation 8 2460.9926256468725 0.10513921619573996
completo_rtview_4.json Equation 16 2049.3143939264987 0.07662024814533805
completo_rtview_4.json Equation 32 368.4370372837228 0.06082029363765685
completo_rtview_4.json Equation 64 383.045409202625 0.05415748949678537
data/completo_rtview_4.json
completo_rtview_4.json MLP 8 5234.0085681059945 0.1524437784506357
completo_rtview_4.json MLP 16 21078.745659920216 0.360770035889026
completo_rtview_4.json MLP 32 851.5798707631642 0.06922516575112789
completo_rtview_4.json MLP 64 458.6650817819241 0.04792522562342998
data/completo_rtview_4.json
completo_rtview_4.json SVR_gridsearch 8 16734.412927835587 0.3015658727822163
completo_rtview_4.json SVR_gridsearch 16 18902.764267264887 0.19497706207256246
completo_rtview_4.json SVR_gridsearch 32 12385.630226025123 0.12111190930561282
completo_rtview_4.json SVR_gridsearch 64 1538.991042605186 0.08756390518033424
data/completo_rtview_4.json
completo_rtview_4.json SVR 8 4836.870799111906 0.49609100441596754
completo_rtview_4.json SVR 16 4857.720295644472 0.22277959057242394
completo_rtview_4.json SVR 32 1400.275313993254 0.09068372609902992
completo_rtview_4.json SVR 64 419.2886836231647 0.05807985949359033
data/completo_rtview_4.json
completo_rtview_4.json Tree 8 15185.520554229473 0.25614744639941645
completo_rtview_4.json Tree 16 6795.770308338525 0.12347611517857439
completo_rtview_4.json Tree 32 768.1455931954443 0.06655985948594634
completo_rtview_4.json Tree 64 2014.9570685246101 0.038328574623953074
data/completo_rtview_4.json
completo_rtview_4.json KNN 8 15904.903108086135 0.28482941577244203
completo_rtview_4.json KNN 16 18188.593776485024 0.14618047379559534
completo_rtview_4.json KNN 32 3215.208303719543 0.08531328012715976
completo_rtview_4.json KNN 64 2822.5252109156286 0.07298353731816765
data/completo_rtview_4.json
completo_black_6.json Equation 8 2139.601945588037 0.100365094326246
completo_black_6.json Equation 16 1901.590472784085 0.07673748232649995
completo_black_6.json Equation 32 542.4421875833704 0.06520870673596346
completo_black_6.json Equation 64 605.8861258764538 0.05844480880366582
data/completo_black_6.json
completo_black_6.json MLP 8 7184.552192141094 0.14458704692138286
completo_black_6.json MLP 16 5559.947592277697 0.2602606849309958
completo_black_6.json MLP 32 619.3807453306682 0.03946169469537525
completo_black_6.json MLP 64 505.62453325309366 0.03431988553152443
data/completo_black_6.json
completo_black_6.json SVR_gridsearch 8 6581.631726513144 0.26905146957518455
completo_black_6.json SVR_gridsearch 16 6554.915276115009 0.20676114569928844
completo_black_6.json SVR_gridsearch 32 4882.812885816446 0.11112603513810299
completo_black_6.json SVR_gridsearch 64 546.6994960030088 0.04483737103464003
data/completo_black_6.json
completo_black_6.json SVR 8 1853.6887695057965 0.281162005547967
completo_black_6.json SVR 16 1963.1587091227166 0.1197344520411629
completo_black_6.json SVR 32 359.1043902416994 0.07796631567073649
completo_black_6.json SVR 64 184.82648795205475 0.04054657615704731
data/completo_black_6.json
completo_black_6.json Tree 8 5581.173260883035 0.21091847502247124
completo_black_6.json Tree 16 2354.51476779908 0.08190633039257714
completo_black_6.json Tree 32 1678.2530065916044 0.06960901214870849
completo_black_6.json Tree 64 806.2820055247336 0.02677089131756653
data/completo_black_6.json
completo_black_6.json KNN 8 5235.65003907157 0.1481910120938018
completo_black_6.json KNN 16 7320.400428045275 0.12406712680476048
completo_black_6.json KNN 32 1004.0994164087253 0.06143636477902937
completo_black_6.json KNN 64 948.3238486485762 0.05435516177738785
data/completo_black_6.json
completo_dedup_3.json Equation 8 0.18080644825239145 0.09175616182259784
completo_dedup_3.json Equation 16 0.10219150680585579 0.06788325126075427
completo_dedup_3.json Equation 32 0.09211820756593461 0.06432857149894793
completo_dedup_3.json Equation 64 0.09410616451350082 0.06115794997961878
completo_dedup_3.json Equation 128 0.08944217698893002 0.061913916059360675
completo_dedup_3.json MLP completo_black_1.json Equation 8 0.09083474184726681 0.039429660056761455
completo_black_1.json Equation 16 0.11596988626217951 0.04578632727167672
completo_black_1.json Equation 32 0.08980166313381928 0.03717384765562031
completo_black_1.json Equation 64 0.08186467945757119 0.03569626912120936
completo_black_1.json Equation 128 0.07831153039868598 0.03559370976799917
completo_black_1.json MLP 8 7.487464026896302 0.12010583156975096
completo_black_1.json MLP 16 0.9500119905481942 0.11854506668635117
completo_black_1.json MLP 32 0.8191477524984894 0.14497147577062622
completo_black_1.json MLP 64 0.9920604319117281 0.04798671925355447
completo_black_1.json MLP 128 0.02947899831444226 0.03019051349726871
completo_black_1.json SVR_gridsearch 8 6.126231714488546 0.2451661103390751
completo_black_1.json SVR_gridsearch 16 9.748005988065312 0.13953112533255244
completo_black_1.json SVR_gridsearch 32 1.8464202236575578 0.12070886035417984
completo_black_1.json SVR_gridsearch 64 0.45514772636246925 0.06640266717740623
completo_black_1.json SVR_gridsearch 128 0.06122583711204382 0.030739215387278876
completo_black_1.json SVR 8 11.828890750253374 0.2967711464232325
completo_black_1.json SVR 16 3.6550605400367253 0.26703824414950234
completo_black_1.json SVR 32 15.958143468303717 0.3268811380855287
completo_black_1.json SVR 64 1.138737247148744 0.08429747809827116
completo_black_1.json SVR 128 0.11735947828671169 0.031262990741616224
completo_black_1.json Tree 8 13.177378443930111 0.2570314635223803
completo_black_1.json Tree 16 3.373428773997075 0.12573328555569444
completo_black_1.json Tree 32 0.8184309957272196 0.07920662438605792
completo_black_1.json Tree 64 0.23646308876659503 0.05082281074020776
completo_black_1.json Tree 128 0.08509543343248739 0.024060201284688762
completo_black_1.json KNN 8 9.027776698253584 0.35250908821995725
completo_black_1.json KNN 16 6.049785477689627 0.18940515540200545
completo_black_1.json KNN 32 4.558633169346831 0.1468173809055383
completo_black_1.json KNN 64 1.3204379898543854 0.11396477628205513
completo_black_1.json KNN 128 0.8645539709666453 0.08524846593773434
completo_x264_3.json Equation 8 2.3399445961789227 0.5956039295137776
completo_x264_3.json Equation 16 1.1307838524925513 0.23607520690899178
completo_x264_3.json Equation 32 1.1353916724520425 0.23906291429539758
completo_x264_3.json Equation 64 1.122332175181843 0.23832925841050318
completo_x264_3.json Equation 128 1.0281536893675571 0.21511443521822202
completo_x264_3.json MLP 8 20.513636256944164 0.18490918221036456
completo_x264_3.json MLP 16 10.636181464502267 0.23278595647555403
completo_x264_3.json MLP 32 10.20764561029836 0.2196605586814495
completo_x264_3.json MLP 64 2.9231028220296063 0.16694962402232044
completo_x264_3.json MLP 128 0.05354314793965416 0.049715219701374276
completo_x264_3.json SVR_gridsearch 8 23.389799455705642 0.25476339885398974
completo_x264_3.json SVR_gridsearch 16 28.02518373015608 0.2682687374572024
completo_x264_3.json SVR_gridsearch 32 19.861447704725787 0.19981303765874023
completo_x264_3.json SVR_gridsearch 64 13.743409994629799 0.14514798992247596
completo_x264_3.json SVR_gridsearch 128 7.64070175979637 0.13801791029239197
completo_x264_3.json SVR 8 7.914577178825805 0.8587088932876058
completo_x264_3.json SVR 16 16.757015949670095 0.27508584771938177
completo_x264_3.json SVR 32 1.5250005767207457 0.21930164620619316
completo_x264_3.json SVR 64 0.3165412763007772 0.12230298904242363
completo_x264_3.json SVR 128 0.0938931879093776 0.0835988878678711
completo_x264_3.json Tree 8 26.960444902927666 0.22800675590872416
completo_x264_3.json Tree 16 1.4331449149581867 0.10502630556644535
completo_x264_3.json Tree 32 10.387230490430365 0.19406525426483884
completo_x264_3.json Tree 64 0.28838162311978766 0.06986164143579979
completo_x264_3.json Tree 128 0.0981675312738632 0.03930324955639746
completo_x264_3.json KNN 8 23.167315936866768 0.4150853010908075
completo_x264_3.json KNN 16 28.147475770167027 0.266177861539199
completo_x264_3.json KNN 32 14.544261434016178 0.2491753926601814
completo_x264_3.json completo_canneal_3.json Equation 8 9.313099169013967 0.08269789479764787
completo_canneal_3.json Equation 16 8.254223910069598 0.06630807005499957
completo_canneal_3.json Equation 32 8.513499744134227 0.06107998927670181
completo_canneal_3.json Equation 64 7.941761592090213 0.06384909123284033
completo_canneal_3.json Equation 128 7.908900525184682 0.06272214590643242
completo_canneal_3.json MLP 8 11.469095665789363 0.07409037897893005
completo_canneal_3.json MLP 16 9.055078418741674 0.0675545938252141
completo_canneal_3.json MLP 32 10.097947903146583 0.0867280007836405
completo_canneal_3.json MLP 64 6.927677256570919 0.07190652172142913
completo_canneal_3.json MLP 128 8.360388735406488 0.06832163425512129
completo_canneal_3.json SVR_gridsearch 8 12.027276164748368 0.07945213139514644
completo_canneal_3.json SVR_gridsearch 16 9.550992269086304 0.08578947151032422
completo_canneal_3.json SVR_gridsearch 32 9.977911436723623 0.065672689627911
completo_canneal_3.json SVR_gridsearch 64 7.80344789767306 0.06834976960582691
completo_canneal_3.json SVR_gridsearch 128 7.747534313929738 0.0550367200226313
completo_canneal_3.json SVR 8 14.096692699019513 0.13430313914888883
completo_canneal_3.json SVR 16 14.032862691271413 0.1286863429912557
completo_canneal_3.json SVR 32 21.433156540071508 0.15736816291083436
completo_canneal_3.json SVR 64 31.911234631851062 0.13767323572387954
completo_canneal_3.json SVR 128 13.379890606375815 0.08478032942078301
completo_canneal_3.json Tree 8 13.221559387491824 0.09322895931288555
completo_canneal_3.json Tree 16 18.86052892514334 0.12840023624840202
completo_canneal_3.json Tree 32 14.587986723709083 0.10402783696127575
completo_canneal_3.json Tree 64 10.678495281254984 0.07089210847585814
completo_canneal_3.json Tree 128 4.426736323216698 0.0282818426601515
completo_canneal_3.json KNN 8 19.55592143507341 0.21543162047898054
completo_canneal_3.json KNN 16 15.099908493281612 0.14102028607462572
completo_canneal_3.json KNN 32 14.693014793243956 0.1522205192241319
completo_canneal_3.json KNN 64 11.70325376673731 0.1213949726475686
completo_canneal_3.json KNN 128 11.00290933560813 0.1250708521198721
completo_vips_3.json Equation 8 3.187556251399926 0.127354873900127
completo_vips_3.json Equation 16 2.5097926850597387 0.10622064480839988
completo_vips_3.json Equation 32 2.1054437155942733 0.15052575952898783
completo_vips_3.json Equation 64 2.1275066776555693 0.12076029093434584
completo_vips_3.json Equation 128 1.9326101431776095 0.13978694916444565
completo_vips_3.json MLP 8 49.823253816530695 0.19459351500126537
completo_vips_3.json MLP 16 14.467099592957226 0.3418992240422232
completo_vips_3.json MLP 32 45.34939887876296 0.2163842511529543
completo_vips_3.json MLP 64 8.16925589745414 0.10865464428349232
completo_vips_3.json MLP 128 0.5893978957452389 0.07114330236842493
completo_vips_3.json SVR_gridsearch 8 92.94574959488571 0.3000825003483478
completo_vips_3.json SVR_gridsearch 16 76.98284155225772 0.3238270430996883
completo_vips_3.json SVR_gridsearch 32 15.081058542346002 0.27534502310824105
completo_vips_3.json SVR_gridsearch 64 21.93951338089259 0.18788125977239128
completo_vips_3.json SVR_gridsearch 128 10.118061640632593 0.12486446761668234
completo_vips_3.json SVR 8 23.62586259206035 0.8486088050446798
completo_vips_3.json SVR 16 36.75865431000059 0.27895529147896614
completo_vips_3.json SVR 32 9.26086447417128 0.3150768404539706
completo_vips_3.json SVR 64 3.0538847764956003 0.15027951309222348
completo_vips_3.json SVR 128 1.6000053428206156 0.11838727464305605
completo_vips_3.json Tree 8 82.2539255203109 0.276870684954573
completo_vips_3.json Tree 16 5.658841003582627 0.22261970441525122
completo_vips_3.json Tree 32 18.259050988019133 0.18091936675538822
completo_vips_3.json Tree 64 1.354066327387881 0.1010583406400808
completo_vips_3.json Tree 128 0.6398057524687093 0.047506909052117484
completo_vips_3.json KNN 8 61.025524587377696 0.4104459070991359
completo_vips_3.json KNN 16 82.66931036587877 0.3709406035656496
completo_vips_3.json KNN 32 36.727358273805635 0.23440018679232089
completcompleto_black_2.json Equation 8 0.2995478651163106 0.04654438448333272
completo_black_2.json Equation 16 0.27191737900717766 0.03942729038375016
completo_black_2.json Equation 32 0.3101947211250658 0.042327431141014
completo_black_2.json Equation 64 0.26406122881782534 0.03811752507990053
completo_black_2.json Equation 128 0.25779202483166963 0.03720298828414708
completo_black_2.json MLP 8 29.37513641379806 0.1790521807675618
completo_black_2.json MLP 16 16.6648657437039 0.11995125781977084
completo_black_2.json MLP 32 15.22160660354982 0.11077536386170554
completo_black_2.json MLP 64 4.29279952493785 0.07835695245027546
completo_black_2.json MLP 128 0.07290325382845741 0.024001525671647882
completo_black_2.json SVR_gridsearch 8 50.54187719439145 0.18169485476816802
completo_black_2.json SVR_gridsearch 16 49.31026610988842 0.17611878459261557
completo_black_2.json SVR_gridsearch 32 15.441335208689328 0.11483768485694444
completo_black_2.json SVR_gridsearch 64 12.946928203513757 0.10267886217693063
completo_black_2.json SVR_gridsearch 128 5.574870670599861 0.06795861264297003
completo_black_2.json SVR 8 13.805861679133349 0.48479818377715866
completo_black_2.json SVR 16 21.46194143742846 0.20506604880217394
completo_black_2.json SVR 32 3.8484904387675267 0.1492358588799436
completo_black_2.json SVR 64 1.1329689148036288 0.05766706878228501
completo_black_2.json SVR 128 0.10565255693915135 0.03105345975339093
completo_black_2.json Tree 8 50.315612530320045 0.21462175578110915
completo_black_2.json Tree 16 4.003131238967647 0.12478507402233915
completo_black_2.json Tree 32 12.289013309234306 0.1159672010644019
completo_black_2.json Tree 64 1.2864949258554987 0.06158276594208586
completo_black_2.json Tree 128 0.6815784025924654 0.03024103961121537
completo_black_2.json KNN 8 38.38137347199221 0.4037444612527853
completo_black_2.json KNN 16 53.20642384302167 0.2262716569928346
completo_black_2.json KNN 32 22.873865410456983 0.18000972309077534
completo_black_2.json KNN 64 3.4826582907166506 0.12319996537136806
completo_black_2.json KNN 128 2.382542467084624 0.09018069178766541
completo_ferret_3.json Equation 8 0.20003173224235465 0.08809220402528645
completo_ferret_3.json Equation 16 0.12895128571119216 0.05637341129105824
completo_ferret_3.json Equation 32 0.13629868979649862 0.05715780308878574
completo_ferret_3.json Equation 64 0.1218092680834874 0.04587955346722695
completo_ferret_3.json Equation 128 0.12063214208909362 0.04457548638508662
completo_ferret_3.json MLP 8 57.162841959157674 0.1973457979582215
completo_ferret_3.json MLP 16 17.185700548534427 0.14891733802152354
completo_ferret_3.json MLP 32 2.7101874180782275 0.07391911268476038
completo_ferret_3.json MLP 64 1.7318251452165734 0.05037362738177892
completo_ferret_3.json MLP 128 0.034024848490860744 0.02319893415062464
completo_ferret_3.json SVR_gridsearch 8 111.14256868772904 0.27200185609136684
completo_ferret_3.json SVR_gridsearch 16 94.4511856184808 0.2764085102997732
completo_ferret_3.json SVR_gridsearch 32 20.52743490882785 0.14612441468131263
completo_ferret_3.json SVR_gridsearch 64 22.8637055282396 0.13939932529281096
completo_ferret_3.json SVR_gridsearch 128 4.15714425508929 0.048456423724481244
completo_ferret_3.json SVR 8 23.964301717679014 0.7794183780201323
completo_ferret_3.json SVR 16 40.48627327609816 0.25428963283730893
completo_ferret_3.json SVR 32 6.280806349528396 0.18372838229788802
completo_ferret_3.json SVR 64 0.49725586738531175 0.05259545185228352
completo_ferret_3.json SVR 128 0.03620418318851753 0.032504518649454694
completo_ferret_3.json Tree 8 96.36256790486097 0.23404349438771951
completo_ferret_3.json Tree 16 5.224978468541032 0.1204874789297526
completo_ferret_3.json Tree 32 19.546719288010546 0.11928421494150715
completo_ferret_3.json Tree 64 1.351265163611066 0.0666584199689164
completo_ferret_3.json Tree 128 0.20275913059634637 0.019624463089292433
completo_ferret_3.json KNN 8 73.04619687134273 0.45977680264403403
completo_ferret_3.json KNN 16 102.68424683590757 0.24670812935793265
completo_ferret_3.json KNN 32 41.206198295736completo_rtview_1.json Equation 8 13.218839712623227 0.2813991718812666
completo_rtview_1.json Equation 16 8.13703504368677 0.06917310360198937
completo_rtview_1.json Equation 32 8.327395354490795 0.06663531221126225
completo_rtview_1.json Equation 64 8.708571619372186 0.056870411192337024
completo_rtview_1.json Equation 128 8.408776484872547 0.057089392338595356
completo_rtview_1.json MLP 8 89.10627861695818 0.13237746985668145
completo_rtview_1.json MLP 16 14.42163408976931 0.07156191554428308
completo_rtview_1.json MLP 32 6.924590155175183 0.0507154789972729
completo_rtview_1.json MLP 64 4.296875099127924 0.030114289850963056
completo_rtview_1.json MLP 128 0.6645615288341178 0.020242784556551277
completo_rtview_1.json SVR_gridsearch 8 206.208915516432 0.17545710139692489
completo_rtview_1.json SVR_gridsearch 16 218.70652982626868 0.2088828113188076
completo_rtview_1.json SVR_gridsearch 32 22.531524801541572 0.13421262558652208
completo_rtview_1.json SVR_gridsearch 64 21.966348880695193 0.08538485460455104
completo_rtview_1.json SVR_gridsearch 128 1.6796610872598678 0.03177931636978021
completo_rtview_1.json SVR 8 55.64079438316923 0.5007615854544563
completo_rtview_1.json SVR 16 49.51975187068295 0.2234225693557673
completo_rtview_1.json SVR 32 12.528758568722782 0.14325547293322716
completo_rtview_1.json SVR 64 5.288249306904311 0.040656669896588886
completo_rtview_1.json SVR 128 0.33391640420016644 0.018049252848606125
completo_rtview_1.json Tree 8 222.85392578863042 0.2096976943820549
completo_rtview_1.json Tree 16 14.82625385105368 0.12070992522980158
completo_rtview_1.json Tree 32 18.159710249355417 0.08759183552811087
completo_rtview_1.json Tree 64 4.082605065560918 0.04902071705794645
completo_rtview_1.json Tree 128 1.8690832695150634 0.01837801286608238
completo_rtview_1.json KNN 8 154.52962209040064 0.4670188181200705
completo_rtview_1.json KNN 16 233.59875155692706 0.2435845116742542
completo_rtview_1.json KNN 32 79.05490669697033 0.20292032449826902
completo_rtview_1.json KNN 64 15.24185386742441 0.13480986035841167
completo_rtview_1.json KNN 128 11.033865798958653 0.0863419778455611
completo_freqmine_2.json Equation 8 65.20458758335663 0.5472593313942747
completo_freqmine_2.json Equation 16 187.30839703717425 0.2883678726149383
completo_freqmine_2.json Equation 32 63.178400089873975 0.5054570683680255
completo_freqmine_2.json Equation 64 65.12312381738296 0.48711686697518564
completo_freqmine_2.json Equation 128 63.815883106290684 0.4608859543237171
completo_freqmine_2.json MLP 8 331.2415606639699 1.157181557845709
completo_freqmine_2.json MLP 16 270.1409529754512 0.26931080161311705
completo_freqmine_2.json MLP 32 286.0960995814575 0.41129321910388184
completo_freqmine_2.json MLP 64 3.967389866133021 0.1292788510583787
completo_freqmine_2.json MLP 128 5.121586587894158 0.10260784105894181
completo_freqmine_2.json SVR_gridsearch 8 291.4785442144083 0.20025607659297678
completo_freqmine_2.json SVR_gridsearch 16 238.31356871214484 0.26998446762813616
completo_freqmine_2.json SVR_gridsearch 32 279.04248957626055 0.165220653121588
completo_freqmine_2.json SVR_gridsearch 64 280.2432608547784 0.14557054993988683
completo_freqmine_2.json SVR_gridsearch 128 97.83263657194908 0.39242427735819263
completo_freqmine_2.json SVR 8 293.05046460349666 0.22986101218498908
completo_freqmine_2.json SVR 16 277.8251536569848 0.727475150341193
completo_freqmine_2.json SVR 32 12.529435687550198 0.2132492569747362
completo_freqmine_2.json SVR 64 8.797275612388885 0.1603584934560024
completo_freqmine_2.json SVR 128 2.878853158998105 0.08908016958309023
completo_freqmine_2.json Tree 8 290.6534141228031 0.22966267965948997
completo_freqmine_2.json Tree 16 439.5165789279335 0.7570172889456439
completo_freqmine_2.json Tree 32 28.513247848580654 0.0911842433940646
completo_freqmine_2.json Tree 64 5.999011682575258 0.07439105596027572
completo_freqmine_2.json Tree 128 1.4209880421972403 0.044008392278284736
completo_freqmine_2.json KNN 8 289.3635777022641 0.21865499285681417
completo_freqmine_2.json KNN 16 230.4920552104549 0.6347448244completo_freqmine_1.json Equation 8 65.20458758335663 0.5472593313942747
completo_freqmine_1.json Equation 16 187.30839703717425 0.2883678726149383
completo_freqmine_1.json Equation 32 63.178400089873975 0.5054570683680255
completo_freqmine_1.json Equation 64 65.12312381738296 0.48711686697518564
completo_freqmine_1.json Equation 128 63.815883106290684 0.4608859543237171
completo_freqmine_1.json MLP 8 331.2415606639699 1.157181557845709
completo_freqmine_1.json MLP 16 270.1409529754512 0.26931080161311705
completo_freqmine_1.json MLP 32 286.0960995814575 0.41129321910388184
completo_freqmine_1.json MLP 64 3.967389866133021 0.1292788510583787
completo_freqmine_1.json MLP 128 5.121586587894158 0.10260784105894181
completo_freqmine_1.json SVR_gridsearch 8 291.4785442144083 0.20025607659297678
completo_freqmine_1.json SVR_gridsearch 16 238.31356871214484 0.26998446762813616
completo_freqmine_1.json SVR_gridsearch 32 279.04248957626055 0.165220653121588
completo_freqmine_1.json SVR_gridsearch 64 280.2432608547784 0.14557054993988683
completo_freqmine_1.json SVR_gridsearch 128 97.83263657194908 0.39242427735819263
completo_freqmine_1.json SVR 8 293.05046460349666 0.22986101218498908
completo_freqmine_1.json SVR 16 277.8251536569848 0.727475150341193
completo_freqmine_1.json SVR 32 12.529435687550198 0.2132492569747362
completo_freqmine_1.json SVR 64 8.797275612388885 0.1603584934560024
completo_freqmine_1.json SVR 128 2.878853158998105 0.08908016958309023
completo_freqmine_1.json Tree 8 290.6534141228031 0.22966267965948997
completo_freqmine_1.json Tree 16 439.5165789279335 0.7570172889456439
completo_freqmine_1.json Tree 32 28.513247848580654 0.0911842433940646
completo_freqmine_1.json Tree 64 5.999011682575258 0.07439105596027572
completo_freqmine_1.json Tree 128 1.4209880421972403 0.044008392278284736
completo_freqmine_1.json KNN 8 289.3635777022641 0.21865499285681417
completo_freqmine_1.json KNN 16 230.4920552104549 0.6347448244626099
completo_freqmine_1.json KNN 32 167.48208354211147 0.3227462293945025
completo_freqmine_1.json KNN 64 43.20913218957239 0.2773126179329289
completo_freqmine_1.json KNN 128 14.334160170065793 0.12505398763665787
completo_black_3.json Equation 8 3.4846761494800695 0.03811900503489399
completo_black_3.json Equation 16 2.8938879696993327 0.03261393828289925
completo_black_3.json Equation 32 3.2193544434671826 0.033793681073526316
completo_black_3.json Equation 64 2.896443027803862 0.032141895700634686
completo_black_3.json Equation 128 2.8176152890287276 0.030068006280248798
completo_black_3.json MLP 8 471.48883942073326 0.14193048254411805
completo_black_3.json MLP 16 151.74859910460566 0.13101051529892854
completo_black_3.json MLP 32 226.33732893154624 0.09882579897612723
completo_black_3.json MLP 64 25.363442398594152 0.05216447638228724
completo_black_3.json MLP 128 0.9115722346204527 0.021456896475405038
completo_black_3.json SVR_gridsearch 8 882.3813442561357 0.2636798534122932
completo_black_3.json SVR_gridsearch 16 697.4163264274308 0.1786310352911039
completo_black_3.json SVR_gridsearch 32 196.49367903103825 0.12649142324889587
completo_black_3.json SVR_gridsearch 64 197.32763248670062 0.09135265190227138
completo_black_3.json SVR_gridsearch 128 66.31413900741089 0.05907570844485556
completo_black_3.json SVR 8 205.21108371361672 0.7410756834923177
completo_black_3.json SVR 16 322.071052554286 0.2427043256898048
completo_black_3.json SVR 32 49.62952012991597 0.16309056510890382
completo_black_3.json SVR 64 4.755023553556805 0.04330285897908391
completo_black_3.json SVR 128 1.9266167797824398 0.024122388849584377
completo_black_3.json Tree 8 757.6437830218015 0.22045255145089507
completo_black_3.json Tree 16 53.77649016590478 0.1393378531652801
completo_black_3.json Tree 32 177.13600936263794 0.13216193971192297
completo_black_3.json Tree 64 17.275585949123336 0.07211891987379031
completo_black_3.json Tree 128 6.833877403251359 0.02918386625907102
completo_black_3.json KNN 8 581.7900954259705 0.4835429685475263
completo_black_3.json KNN 16 812.6252413685842 0.23903879487319635
completo_blcompleto_black_4.json Equation 8 13.471868634269468 0.034925023551897805
completo_black_4.json Equation 16 11.137741793770791 0.02728240295557377
completo_black_4.json Equation 32 13.567057082143242 0.027501803836975213
completo_black_4.json Equation 64 11.771151583151088 0.02828647126397373
completo_black_4.json Equation 128 11.043593054917633 0.02370778370852631
completo_black_4.json MLP 8 1937.2738714581806 0.11861778228091695
completo_black_4.json MLP 16 875.7723790469903 0.11559256674056131
completo_black_4.json MLP 32 465.968673328193 0.07850129800091826
completo_black_4.json MLP 64 34.63222863302166 0.03650811769950988
completo_black_4.json MLP 128 4.025617828612877 0.01786517439116939
completo_black_4.json SVR_gridsearch 8 3585.2526097453397 0.2631683797274686
completo_black_4.json SVR_gridsearch 16 2978.3083706794137 0.1938579374712336
completo_black_4.json SVR_gridsearch 32 950.9682671946787 0.11612933080288074
completo_black_4.json SVR_gridsearch 64 883.7928435161541 0.08194376135006702
completo_black_4.json SVR_gridsearch 128 318.57382976528345 0.058793251366358046
completo_black_4.json SVR 8 834.3262564287735 0.7430212263463744
completo_black_4.json SVR 16 1289.9052970386592 0.2506579565812631
completo_black_4.json SVR 32 203.72783508066422 0.17014440946322887
completo_black_4.json SVR 64 36.139240293569706 0.03837856104559004
completo_black_4.json SVR 128 8.512371710360862 0.019853221827573358
completo_black_4.json Tree 8 3107.0462264863327 0.23183708481948223
completo_black_4.json Tree 16 222.10174129319003 0.13174320045931606
completo_black_4.json Tree 32 722.5013931872226 0.13300196779734733
completo_black_4.json Tree 64 68.83704352763768 0.06959211265833262
completo_black_4.json Tree 128 29.73697961536966 0.023695236146248064
completo_black_4.json KNN 8 2366.9140798337653 0.4842597717098494
completo_black_4.json KNN 16 3294.80325423131 0.2401450832495906
completo_black_4.json KNN 32 1377.7717174430222 0.18439696861597563
completo_black_4.json KNN 64 201.73270701756496 0.12241475921869889
completo_black_4.json KNN 128 138.80886010483832 0.08214194765465695
completo_bodytrack_2.json Equation 8 42.780387421631616 0.14166232185261116
completo_bodytrack_2.json Equation 16 109.24545329302404 0.27098048709202627
completo_bodytrack_2.json Equation 32 51.30654300085055 0.1336292430588926
completo_bodytrack_2.json Equation 64 48.78326709146969 0.13976943016376803
completo_bodytrack_2.json Equation 128 41.652612932124576 0.1410024288839038
completo_bodytrack_2.json MLP 8 152.53827026934016 0.1975714694119331
completo_bodytrack_2.json MLP 16 155.86651421229223 0.26649326368892257
completo_bodytrack_2.json MLP 32 204.15096948992158 0.21955664907842937
completo_bodytrack_2.json MLP 64 56.296218551025476 0.15312039911425926
completo_bodytrack_2.json MLP 128 41.35652590178965 0.11478034708247582
completo_bodytrack_2.json SVR_gridsearch 8 556.4675334167557 0.4486518749421102
completo_bodytrack_2.json SVR_gridsearch 16 476.52539256193865 0.21755937085096555
completo_bodytrack_2.json SVR_gridsearch 32 508.3464955149035 0.3665447813358233
completo_bodytrack_2.json SVR_gridsearch 64 260.38969741454605 0.18234776731498992
completo_bodytrack_2.json SVR_gridsearch 128 57.99079271483175 0.12401794744252606
completo_bodytrack_2.json SVR 8 698.1318253147425 0.30481879869000345
completo_bodytrack_2.json SVR 16 619.0558946462339 0.4324652957251293
completo_bodytrack_2.json SVR 32 264.321856359586 0.30234354181064577
completo_bodytrack_2.json SVR 64 73.30876275083317 0.17348661128774423
completo_bodytrack_2.json SVR 128 64.2623884001876 0.1282350822894249
completo_bodytrack_2.json Tree 8 237.16837792073758 0.3018802039944147
completo_bodytrack_2.json Tree 16 359.5645437658371 0.216676051439764
completo_bodytrack_2.json Tree 32 104.66834274234996 0.15393204805188251
completo_bodytrack_2.json Tree 64 86.92159454514109 0.14048507238174432
completo_bodytrack_2.json Tree 128 63.940330571998125 0.08179411889656399
completo_bodytrack_2.json KNN 8 584.0116675672093 0.39953367712711935
completo_bodytrack_2.json KNN 16 425.64943410955107 0.31